#
# A fatal error has been detected by the Java Runtime Environment:
#
#  Internal Error (safepoint.cpp:848), pid=6210, tid=0x000000000000620f
#  fatal error: Illegal threadstate encountered: 4
#
# JRE version: OpenJDK Runtime Environment (8.0_312-b07) (build 1.8.0_312-b07)
# Java VM: OpenJDK 64-Bit Server VM (25.312-b07 mixed mode bsd-amd64 compressed oops)
# Failed to write core dump. Core dumps have been disabled. To enable core dumping, try "ulimit -c unlimited" before starting Java again
#
# If you would like to submit a bug report, please visit:
#   https://github.com/corretto/corretto-8/issues/
# The crash happened outside the Java Virtual Machine in native code.
# See problematic frame for where to report the bug.
#

---------------  T H R E A D  ---------------

Current thread (0x00007f7e8a1d9800):  JavaThread "Thread-1" daemon [_thread_in_native, id=25103, stack(0x000070000cd2b000,0x000070000ce2b000)]

Stack: [0x000070000cd2b000,0x000070000ce2b000],  sp=0x000070000ce29fa0,  free space=1019k
Native frames: (J=compiled Java code, j=interpreted, Vv=VM code, C=native code)
V  [libjvm.dylib+0x5728b4]
V  [libjvm.dylib+0x1c53be]
V  [libjvm.dylib+0x4c6335]
V  [libjvm.dylib+0x538680]
V  [libjvm.dylib+0x553798]
V  [libjvm.dylib+0x55373c]
V  [libjvm.dylib+0x55370b]
V  [libjvm.dylib+0x54e079]
V  [libjvm.dylib+0x2f8a0a]
C  [libglass.dylib+0xa8e8]  -[GlassRunnable dealloc]+0x28
C  [Foundation+0x80eab]  -[_NSThreadPerformInfo dealloc]+0x2a
C  [Foundation+0x4dcd7]  -[NSObject(NSThreadPerformAdditions) performSelectorOnMainThread:withObject:waitUntilDone:]+0x7c
J 1884  com.sun.glass.ui.mac.MacApplication._submitForLaterInvocation(Ljava/lang/Runnable;)V (0 bytes) @ 0x000000010e3550bc [0x000000010e355000+0xbc]
J 1692 C1 com.sun.glass.ui.mac.MacApplication.submitForLaterInvocation(Ljava/lang/Runnable;)V (6 bytes) @ 0x000000010e2b087c [0x000000010e2b0800+0x7c]
j  com.sun.glass.ui.InvokeLaterDispatcher.run()V+82
v  ~StubRoutines::call_stub
V  [libjvm.dylib+0x2c40cc]
V  [libjvm.dylib+0x2c2f19]
V  [libjvm.dylib+0x2c3165]
V  [libjvm.dylib+0x332690]
V  [libjvm.dylib+0x536fb3]
V  [libjvm.dylib+0x536e71]
V  [libjvm.dylib+0x46c41e]
C  [libsystem_pthread.dylib+0x64f4]  _pthread_start+0x7d
C  [libsystem_pthread.dylib+0x200f]  thread_start+0xf
C  0x0000000000000000

Java frames: (J=compiled Java code, j=interpreted, Vv=VM code)
J 1884  com.sun.glass.ui.mac.MacApplication._submitForLaterInvocation(Ljava/lang/Runnable;)V (0 bytes) @ 0x000000010e35504c [0x000000010e355000+0x4c]
J 1692 C1 com.sun.glass.ui.mac.MacApplication.submitForLaterInvocation(Ljava/lang/Runnable;)V (6 bytes) @ 0x000000010e2b087c [0x000000010e2b0800+0x7c]
j  com.sun.glass.ui.InvokeLaterDispatcher.run()V+82
v  ~StubRoutines::call_stub

---------------  P R O C E S S  ---------------

Java Threads: ( => current thread )
  0x00007f7e8a2cc800 JavaThread "MySQL Statement Cancellation Timer" daemon [_thread_blocked, id=1955, stack(0x000070000d343000,0x000070000d443000)]
  0x00007f7e8a281000 JavaThread "Prism Font Disposer" daemon [_thread_blocked, id=79471, stack(0x000070000d240000,0x000070000d340000)]
  0x00007f7e89983000 JavaThread "Attach Listener" daemon [_thread_blocked, id=45831, stack(0x000070000d13d000,0x000070000d23d000)]
  0x00007f7e88913800 JavaThread "JavaFX-Launcher" [_thread_blocked, id=79875, stack(0x000070000d03a000,0x000070000d13a000)]
  0x00007f7e8a998800 JavaThread "Thread-3" daemon [_thread_blocked, id=34827, stack(0x000070000ceb1000,0x000070000cf31000)]
  0x00007f7e8a1da000 JavaThread "JavaFX Application Thread" [_thread_in_native_trans, id=259, stack(0x00007ff7b2f0f000,0x00007ff7b370f000)]
=>0x00007f7e8a1d9800 JavaThread "Thread-1" daemon [_thread_in_native, id=25103, stack(0x000070000cd2b000,0x000070000ce2b000)]
  0x00007f7e8a1a4800 JavaThread "QuantumRenderer-0" daemon [_thread_blocked, id=14083, stack(0x000070000cc28000,0x000070000cd28000)]
  0x00007f7e8a098800 JavaThread "Service Thread" daemon [_thread_blocked, id=16643, stack(0x000070000ca22000,0x000070000cb22000)]
  0x00007f7e88845800 JavaThread "C1 CompilerThread2" daemon [_thread_blocked, id=16899, stack(0x000070000c91f000,0x000070000ca1f000)]
  0x00007f7e8a096800 JavaThread "C2 CompilerThread1" daemon [_thread_in_vm, id=17155, stack(0x000070000c81c000,0x000070000c91c000)]
  0x00007f7e8a04b800 JavaThread "C2 CompilerThread0" daemon [_thread_blocked, id=17667, stack(0x000070000c719000,0x000070000c819000)]
  0x00007f7e88844800 JavaThread "Monitor Ctrl-Break" daemon [_thread_in_native, id=18179, stack(0x000070000c616000,0x000070000c716000)]
  0x00007f7e8a026000 JavaThread "Signal Dispatcher" daemon [_thread_blocked, id=18691, stack(0x000070000c513000,0x000070000c613000)]
  0x00007f7e8a822800 JavaThread "Finalizer" daemon [_thread_blocked, id=12035, stack(0x000070000c30a000,0x000070000c40a000)]
  0x00007f7e88818000 JavaThread "Reference Handler" daemon [_thread_blocked, id=11523, stack(0x000070000c207000,0x000070000c307000)]
  0x00007f7e8a00e800 JavaThread "main" [_thread_blocked, id=5891, stack(0x000070000bbf5000,0x000070000bcf5000)]

Other Threads:
  0x00007f7e88813800 VMThread [stack: 0x000070000c104000,0x000070000c204000] [id=11011]
  0x00007f7e898c3800 WatcherThread [stack: 0x000070000cb25000,0x000070000cc25000] [id=16131]

VM state:synchronizing (normal execution)

VM Mutex/Monitor currently owned by a thread:  ([mutex/lock_event])
[0x0000600000ce5800] Safepoint_lock - owner thread: 0x00007f7e88813800
[0x0000600000ce5880] Threads_lock - owner thread: 0x00007f7e88813800

heap address: 0x0000000740000000, size: 2048 MB, Compressed Oops mode: Zero based, Oop shift amount: 3
Narrow klass base: 0x0000000000000000, Narrow klass shift: 3
Compressed class space size: 1073741824 Address: 0x00000007c0000000

Heap:
 PSYoungGen      total 38400K, used 8852K [0x0000000795580000, 0x0000000798b80000, 0x00000007c0000000)
  eden space 30720K, 3% used [0x0000000795580000,0x00000007956aa7c8,0x0000000797380000)
  from space 7680K, 99% used [0x0000000797400000,0x0000000797b7ab40,0x0000000797b80000)
  to   space 12288K, 0% used [0x0000000797f80000,0x0000000797f80000,0x0000000798b80000)
 ParOldGen       total 56320K, used 15018K [0x0000000740000000, 0x0000000743700000, 0x0000000795580000)
  object space 56320K, 26% used [0x0000000740000000,0x0000000740eaaa90,0x0000000743700000)
 Metaspace       used 26817K, capacity 28474K, committed 28800K, reserved 1075200K
  class space    used 3545K, capacity 3876K, committed 3968K, reserved 1048576K

Card table byte_map: [0x000000010cded000,0x000000010d1ee000] byte_map_base: 0x00000001093ed000

Marking Bits: (ParMarkBitMap*) 0x000000010d99dc18
 Begin Bits: [0x000000011d052000, 0x000000011f052000)
 End Bits:   [0x000000011f052000, 0x0000000121052000)

Polling page: 0x000000010c933000

CodeCache: size=245760Kb used=20173Kb max_used=20180Kb free=225586Kb
 bounds [0x000000010dda7000, 0x000000010f177000, 0x000000011cda7000]
 total_blobs=6606 nmethods=5816 adapters=701
 compilation: enabled

Compilation events (10 events):
Event: 364.171 Thread 0x00007f7e88845800 6672   !   3       com.sun.javafx.font.PrismFontLoader::getFontFactoryFromPipeline (81 bytes)
Event: 364.172 Thread 0x00007f7e8a096800 nmethod 6674 0x000000010df405d0 code [0x000000010df40720, 0x000000010df40828]
Event: 364.172 Thread 0x00007f7e88845800 nmethod 6672 0x000000010f161e50 code [0x000000010f162040, 0x000000010f162998]
Event: 364.172 Thread 0x00007f7e88845800 6673       3       com.sun.javafx.font.PrismFont::getStyleName (10 bytes)
Event: 364.172 Thread 0x00007f7e8a096800 6675       4       com.sun.javafx.sg.prism.NGRegion::hasVisuals (26 bytes)
Event: 364.172 Thread 0x00007f7e88845800 nmethod 6673 0x000000010dee6690 code [0x000000010dee6800, 0x000000010dee6a28]
Event: 364.173 Thread 0x00007f7e88845800 6671       3       javafx.scene.control.Labeled$6::set (9 bytes)
Event: 364.174 Thread 0x00007f7e88845800 nmethod 6671 0x000000010e0b2650 code [0x000000010e0b2820, 0x000000010e0b3008]
Event: 364.175 Thread 0x00007f7e88845800 6666       3       javafx.scene.paint.Stop::normalize (18 bytes)
Event: 364.176 Thread 0x00007f7e88845800 nmethod 6666 0x000000010e0cadd0 code [0x000000010e0caf80, 0x000000010e0cb4d8]

GC Heap History (10 events):
Event: 275.643 GC heap before
{Heap before GC invocations=6 (full 1):
 PSYoungGen      total 38400K, used 36336K [0x0000000795580000, 0x0000000798000000, 0x00000007c0000000)
  eden space 33280K, 100% used [0x0000000795580000,0x0000000797600000,0x0000000797600000)
  from space 5120K, 59% used [0x0000000797b00000,0x0000000797dfc240,0x0000000798000000)
  to   space 5120K, 0% used [0x0000000797600000,0x0000000797600000,0x0000000797b00000)
 ParOldGen       total 56320K, used 13758K [0x0000000740000000, 0x0000000743700000, 0x0000000795580000)
  object space 56320K, 24% used [0x0000000740000000,0x0000000740d6f8a8,0x0000000743700000)
 Metaspace       used 25068K, capacity 26528K, committed 26752K, reserved 1073152K
  class space    used 3384K, capacity 3683K, committed 3712K, reserved 1048576K
Event: 275.654 GC heap after
Heap after GC invocations=6 (full 1):
 PSYoungGen      total 37888K, used 5107K [0x0000000795580000, 0x0000000799080000, 0x00000007c0000000)
  eden space 32768K, 0% used [0x0000000795580000,0x0000000795580000,0x0000000797580000)
  from space 5120K, 99% used [0x0000000797600000,0x0000000797afce60,0x0000000797b00000)
  to   space 13824K, 0% used [0x0000000798300000,0x0000000798300000,0x0000000799080000)
 ParOldGen       total 56320K, used 14994K [0x0000000740000000, 0x0000000743700000, 0x0000000795580000)
  object space 56320K, 26% used [0x0000000740000000,0x0000000740ea4a90,0x0000000743700000)
 Metaspace       used 25068K, capacity 26528K, committed 26752K, reserved 1073152K
  class space    used 3384K, capacity 3683K, committed 3712K, reserved 1048576K
}
Event: 297.334 GC heap before
{Heap before GC invocations=7 (full 1):
 PSYoungGen      total 37888K, used 37875K [0x0000000795580000, 0x0000000799080000, 0x00000007c0000000)
  eden space 32768K, 100% used [0x0000000795580000,0x0000000797580000,0x0000000797580000)
  from space 5120K, 99% used [0x0000000797600000,0x0000000797afce60,0x0000000797b00000)
  to   space 13824K, 0% used [0x0000000798300000,0x0000000798300000,0x0000000799080000)
 ParOldGen       total 56320K, used 14994K [0x0000000740000000, 0x0000000743700000, 0x0000000795580000)
  object space 56320K, 26% used [0x0000000740000000,0x0000000740ea4a90,0x0000000743700000)
 Metaspace       used 26151K, capacity 27748K, committed 28032K, reserved 1073152K
  class space    used 3519K, capacity 3843K, committed 3968K, reserved 1048576K
Event: 297.345 GC heap after
Heap after GC invocations=7 (full 1):
 PSYoungGen      total 45568K, used 8999K [0x0000000795580000, 0x0000000799000000, 0x00000007c0000000)
  eden space 32256K, 0% used [0x0000000795580000,0x0000000795580000,0x0000000797500000)
  from space 13312K, 67% used [0x0000000798300000,0x0000000798bc9d50,0x0000000799000000)
  to   space 13824K, 0% used [0x0000000797500000,0x0000000797500000,0x0000000798280000)
 ParOldGen       total 56320K, used 15002K [0x0000000740000000, 0x0000000743700000, 0x0000000795580000)
  object space 56320K, 26% used [0x0000000740000000,0x0000000740ea6a90,0x0000000743700000)
 Metaspace       used 26151K, capacity 27748K, committed 28032K, reserved 1073152K
  class space    used 3519K, capacity 3843K, committed 3968K, reserved 1048576K
}
Event: 308.351 GC heap before
{Heap before GC invocations=8 (full 1):
 PSYoungGen      total 45568K, used 41255K [0x0000000795580000, 0x0000000799000000, 0x00000007c0000000)
  eden space 32256K, 100% used [0x0000000795580000,0x0000000797500000,0x0000000797500000)
  from space 13312K, 67% used [0x0000000798300000,0x0000000798bc9d50,0x0000000799000000)
  to   space 13824K, 0% used [0x0000000797500000,0x0000000797500000,0x0000000798280000)
 ParOldGen       total 56320K, used 15002K [0x0000000740000000, 0x0000000743700000, 0x0000000795580000)
  object space 56320K, 26% used [0x0000000740000000,0x0000000740ea6a90,0x0000000743700000)
 Metaspace       used 26318K, capacity 27896K, committed 28032K, reserved 1073152K
  class space    used 3523K, capacity 3849K, committed 3968K, reserved 1048576K
Event: 308.358 GC heap after
Heap after GC invocations=8 (full 1):
 PSYoungGen      total 38912K, used 6951K [0x0000000795580000, 0x0000000798e80000, 0x00000007c0000000)
  eden space 31744K, 0% used [0x0000000795580000,0x0000000795580000,0x0000000797480000)
  from space 7168K, 96% used [0x0000000797500000,0x0000000797bc9cc0,0x0000000797c00000)
  to   space 13312K, 0% used [0x0000000798180000,0x0000000798180000,0x0000000798e80000)
 ParOldGen       total 56320K, used 15010K [0x0000000740000000, 0x0000000743700000, 0x0000000795580000)
  object space 56320K, 26% used [0x0000000740000000,0x0000000740ea8a90,0x0000000743700000)
 Metaspace       used 26318K, capacity 27896K, committed 28032K, reserved 1073152K
  class space    used 3523K, capacity 3849K, committed 3968K, reserved 1048576K
}
Event: 346.152 GC heap before
{Heap before GC invocations=9 (full 1):
 PSYoungGen      total 38912K, used 38695K [0x0000000795580000, 0x0000000798e80000, 0x00000007c0000000)
  eden space 31744K, 100% used [0x0000000795580000,0x0000000797480000,0x0000000797480000)
  from space 7168K, 96% used [0x0000000797500000,0x0000000797bc9cc0,0x0000000797c00000)
  to   space 13312K, 0% used [0x0000000798180000,0x0000000798180000,0x0000000798e80000)
 ParOldGen       total 56320K, used 15010K [0x0000000740000000, 0x0000000743700000, 0x0000000795580000)
  object space 56320K, 26% used [0x0000000740000000,0x0000000740ea8a90,0x0000000743700000)
 Metaspace       used 26485K, capacity 28068K, committed 28288K, reserved 1073152K
  class space    used 3525K, capacity 3853K, committed 3968K, reserved 1048576K
Event: 346.161 GC heap after
Heap after GC invocations=9 (full 1):
 PSYoungGen      total 41984K, used 7274K [0x0000000795580000, 0x0000000798c00000, 0x00000007c0000000)
  eden space 31232K, 0% used [0x0000000795580000,0x0000000795580000,0x0000000797400000)
  from space 10752K, 67% used [0x0000000798180000,0x000000079889ab40,0x0000000798c00000)
  to   space 12288K, 0% used [0x0000000797400000,0x0000000797400000,0x0000000798000000)
 ParOldGen       total 56320K, used 15018K [0x0000000740000000, 0x0000000743700000, 0x0000000795580000)
  object space 56320K, 26% used [0x0000000740000000,0x0000000740eaaa90,0x0000000743700000)
 Metaspace       used 26485K, capacity 28068K, committed 28288K, reserved 1073152K
  class space    used 3525K, capacity 3853K, committed 3968K, reserved 1048576K
}
Event: 364.150 GC heap before
{Heap before GC invocations=10 (full 1):
 PSYoungGen      total 41984K, used 38506K [0x0000000795580000, 0x0000000798c00000, 0x00000007c0000000)
  eden space 31232K, 100% used [0x0000000795580000,0x0000000797400000,0x0000000797400000)
  from space 10752K, 67% used [0x0000000798180000,0x000000079889ab40,0x0000000798c00000)
  to   space 12288K, 0% used [0x0000000797400000,0x0000000797400000,0x0000000798000000)
 ParOldGen       total 56320K, used 15018K [0x0000000740000000, 0x0000000743700000, 0x0000000795580000)
  object space 56320K, 26% used [0x0000000740000000,0x0000000740eaaa90,0x0000000743700000)
 Metaspace       used 26811K, capacity 28474K, committed 28800K, reserved 1075200K
  class space    used 3545K, capacity 3876K, committed 3968K, reserved 1048576K
Event: 364.158 GC heap after
Heap after GC invocations=10 (full 1):
 PSYoungGen      total 38400K, used 7658K [0x0000000795580000, 0x0000000798b80000, 0x00000007c0000000)
  eden space 30720K, 0% used [0x0000000795580000,0x0000000795580000,0x0000000797380000)
  from space 7680K, 99% used [0x0000000797400000,0x0000000797b7ab40,0x0000000797b80000)
  to   space 12288K, 0% used [0x0000000797f80000,0x0000000797f80000,0x0000000798b80000)
 ParOldGen       total 56320K, used 15018K [0x0000000740000000, 0x0000000743700000, 0x0000000795580000)
  object space 56320K, 26% used [0x0000000740000000,0x0000000740eaaa90,0x0000000743700000)
 Metaspace       used 26811K, capacity 28474K, committed 28800K, reserved 1075200K
  class space    used 3545K, capacity 3876K, committed 3968K, reserved 1048576K
}

Deoptimization events (10 events):
Event: 352.848 Thread 0x00007f7e8a1da000 Uncommon trap: reason=null_check action=make_not_entrant pc=0x000000010f08a488 method=com.sun.javafx.fxml.BeanAdapter.coerce(Ljava/lang/Object;Ljava/lang/Class;)Ljava/lang/Object; @ 28
Event: 352.984 Thread 0x00007f7e8a1a4800 Uncommon trap: reason=intrinsic action=make_not_entrant pc=0x000000010e50de74 method=com.sun.prism.impl.ps.BaseShaderGraphics.drawString(Lcom/sun/javafx/scene/text/GlyphList;Lcom/sun/javafx/font/FontStrike;FFLcom/sun/prism/paint/Color;II)V @ 546
Event: 354.380 Thread 0x00007f7e8a1a4800 Uncommon trap: reason=intrinsic action=make_not_entrant pc=0x000000010f0c8100 method=com.sun.prism.impl.ps.BaseShaderGraphics.drawString(Lcom/sun/javafx/scene/text/GlyphList;Lcom/sun/javafx/font/FontStrike;FFLcom/sun/prism/paint/Color;II)V @ 559
Event: 355.029 Thread 0x00007f7e8a1a4800 Uncommon trap: reason=intrinsic action=make_not_entrant pc=0x000000010f0d416c method=com.sun.prism.impl.ps.BaseShaderGraphics.drawString(Lcom/sun/javafx/scene/text/GlyphList;Lcom/sun/javafx/font/FontStrike;FFLcom/sun/prism/paint/Color;II)V @ 572
Event: 363.865 Thread 0x00007f7e8a1da000 Uncommon trap: reason=null_check action=make_not_entrant pc=0x000000010f0fe43c method=javafx.fxml.FXMLLoader$Element.processValue(Ljava/lang/Class;Ljava/lang/String;Ljava/lang/String;)Z @ 69
Event: 363.865 Thread 0x00007f7e8a1da000 Uncommon trap: reason=null_check action=make_not_entrant pc=0x000000010f12509c method=javafx.fxml.FXMLLoader$Element.processValue(Ljava/lang/Class;Ljava/lang/String;Ljava/lang/String;)Z @ 69
Event: 363.867 Thread 0x00007f7e8a1da000 Uncommon trap: reason=unstable_if action=reinterpret pc=0x000000010eadd4d0 method=com.sun.org.apache.xerces.internal.impl.XMLEntityScanner.scanLiteral(ILcom/sun/org/apache/xerces/internal/xni/XMLString;Z)I @ 562
Event: 364.139 Thread 0x00007f7e8a1da000 Uncommon trap: reason=unstable_if action=reinterpret pc=0x000000010f1112d0 method=javafx.scene.Node.focusSetDirty(Ljavafx/scene/Scene;)V @ 9
Event: 364.143 Thread 0x00007f7e8a1da000 Uncommon trap: reason=unstable_if action=reinterpret pc=0x000000010e446c90 method=com.sun.javafx.scene.EnteredExitedHandler.dispatchBubblingEvent(Ljavafx/event/Event;)Ljavafx/event/Event; @ 15
Event: 364.143 Thread 0x00007f7e8a1da000 Uncommon trap: reason=unstable_if action=reinterpret pc=0x000000010f149ad8 method=javafx.scene.Scene$ClickGenerator.postProcess(Ljavafx/scene/input/MouseEvent;Ljavafx/scene/Scene$TargetWrapper;Ljavafx/scene/Scene$TargetWrapper;)V @ 105

Classes redefined (0 events):
No events

Internal exceptions (10 events):
Event: 328.118 Thread 0x00007f7e8a1da000 Exception <a 'java/io/FileNotFoundException'> (0x0000000795fb6120) thrown at [/Users/ec2-user/workspace/Corretto8/macos/x64/build/Corretto8Src/installers/mac/tar/corretto-build/buildRoot/src/hotspot/src/share/vm/prims/jni.cpp, line 711]
Event: 345.444 Thread 0x00007f7e8a1da000 Exception <a 'java/io/FileNotFoundException'> (0x0000000797272650) thrown at [/Users/ec2-user/workspace/Corretto8/macos/x64/build/Corretto8Src/installers/mac/tar/corretto-build/buildRoot/src/hotspot/src/share/vm/prims/jni.cpp, line 711]
Event: 346.249 Thread 0x00007f7e8a1da000 Exception <a 'java/io/FileNotFoundException'> (0x00000007956d1e80) thrown at [/Users/ec2-user/workspace/Corretto8/macos/x64/build/Corretto8Src/installers/mac/tar/corretto-build/buildRoot/src/hotspot/src/share/vm/prims/jni.cpp, line 711]
Event: 346.257 Thread 0x00007f7e8a1da000 Implicit null exception at 0x000000010ef059a1 to 0x000000010ef06881
Event: 346.382 Thread 0x00007f7e8a1da000 Exception <a 'java/io/FileNotFoundException'> (0x00000007959ccde0) thrown at [/Users/ec2-user/workspace/Corretto8/macos/x64/build/Corretto8Src/installers/mac/tar/corretto-build/buildRoot/src/hotspot/src/share/vm/prims/jni.cpp, line 711]
Event: 352.926 Thread 0x00007f7e8a1da000 Exception <a 'java/io/FileNotFoundException'> (0x0000000796114548) thrown at [/Users/ec2-user/workspace/Corretto8/macos/x64/build/Corretto8Src/installers/mac/tar/corretto-build/buildRoot/src/hotspot/src/share/vm/prims/jni.cpp, line 711]
Event: 356.463 Thread 0x00007f7e8a1da000 Exception <a 'java/io/FileNotFoundException'> (0x00000007967f0200) thrown at [/Users/ec2-user/workspace/Corretto8/macos/x64/build/Corretto8Src/installers/mac/tar/corretto-build/buildRoot/src/hotspot/src/share/vm/prims/jni.cpp, line 711]
Event: 356.591 Thread 0x00007f7e8a1da000 Exception <a 'java/io/FileNotFoundException'> (0x0000000796acc4f8) thrown at [/Users/ec2-user/workspace/Corretto8/macos/x64/build/Corretto8Src/installers/mac/tar/corretto-build/buildRoot/src/hotspot/src/share/vm/prims/jni.cpp, line 711]
Event: 356.693 Thread 0x00007f7e8a1da000 Exception <a 'java/io/FileNotFoundException'> (0x0000000796db15c8) thrown at [/Users/ec2-user/workspace/Corretto8/macos/x64/build/Corretto8Src/installers/mac/tar/corretto-build/buildRoot/src/hotspot/src/share/vm/prims/jni.cpp, line 711]
Event: 364.140 Thread 0x00007f7e8a1da000 Exception <a 'java/io/FileNotFoundException'> (0x0000000797391138) thrown at [/Users/ec2-user/workspace/Corretto8/macos/x64/build/Corretto8Src/installers/mac/tar/corretto-build/buildRoot/src/hotspot/src/share/vm/prims/jni.cpp, line 711]

Events (10 events):
Event: 364.174 Executing VM operation: RevokeBias done
Event: 364.174 Executing VM operation: RevokeBias
Event: 364.174 Executing VM operation: RevokeBias done
Event: 364.174 Executing VM operation: RevokeBias
Event: 364.175 Executing VM operation: RevokeBias done
Event: 364.176 Thread 0x00007f7e88845800 flushing nmethod 0x000000010e21c710
Event: 364.176 Thread 0x00007f7e88845800 flushing nmethod 0x000000010e256190
Event: 364.176 Executing VM operation: RevokeBias
Event: 364.177 Executing VM operation: RevokeBias done
Event: 364.177 Executing VM operation: BulkRevokeBias


Dynamic libraries:
0x00007ff81cf1e000 	/System/Library/Frameworks/Cocoa.framework/Versions/A/Cocoa
0x00007ff8088a1000 	/System/Library/Frameworks/AppKit.framework/Versions/C/AppKit
0x00007ff80bd97000 	/System/Library/Frameworks/CoreData.framework/Versions/A/CoreData
0x00007ff806cb9000 	/System/Library/Frameworks/Foundation.framework/Versions/C/Foundation
0x00007ff810c0a000 	/usr/lib/libSystem.B.dylib
0x00007ff809730000 	/System/Library/PrivateFrameworks/UIFoundation.framework/Versions/A/UIFoundation
0x00007ff816ece000 	/System/Library/PrivateFrameworks/RemoteViewServices.framework/Versions/A/RemoteViewServices
0x00007ff80ee70000 	/System/Library/PrivateFrameworks/XCTTargetBootstrap.framework/Versions/A/XCTTargetBootstrap
0x00007ff812aa0000 	/System/Library/PrivateFrameworks/InternationalSupport.framework/Versions/A/InternationalSupport
0x00007ff812b2a000 	/System/Library/PrivateFrameworks/UserActivity.framework/Versions/A/UserActivity
0x00007ff811e21000 	/usr/lib/libspindump.dylib
0x00007ff8099be000 	/System/Library/Frameworks/UniformTypeIdentifiers.framework/Versions/A/UniformTypeIdentifiers
0x00007ff80d4fa000 	/usr/lib/libapp_launch_measurement.dylib
0x00007ff80c763000 	/System/Library/PrivateFrameworks/CoreAnalytics.framework/Versions/A/CoreAnalytics
0x00007ff80d4fd000 	/System/Library/PrivateFrameworks/CoreAutoLayout.framework/Versions/A/CoreAutoLayout
0x00007ff80e71d000 	/System/Library/Frameworks/Metal.framework/Versions/A/Metal
0x00007ff80f4e6000 	/usr/lib/liblangid.dylib
0x00007ff80ee74000 	/System/Library/PrivateFrameworks/CoreSVG.framework/Versions/A/CoreSVG
0x00007ff80ad85000 	/System/Library/PrivateFrameworks/SkyLight.framework/Versions/A/SkyLight
0x00007ff80b118000 	/System/Library/Frameworks/CoreGraphics.framework/Versions/A/CoreGraphics
0x00007ff81753c000 	/System/Library/Frameworks/Accelerate.framework/Versions/A/Accelerate
0x00007ff811875000 	/System/Library/PrivateFrameworks/IconServices.framework/Versions/A/IconServices
0x00007ff80e702000 	/System/Library/Frameworks/IOSurface.framework/Versions/A/IOSurface
0x00007ff80c791000 	/usr/lib/libDiagnosticMessagesClient.dylib
0x00007ff810b2a000 	/usr/lib/libz.1.dylib
0x00007ff81abad000 	/System/Library/Frameworks/ApplicationServices.framework/Versions/A/ApplicationServices
0x00007ff80ee5c000 	/System/Library/PrivateFrameworks/DFRFoundation.framework/Versions/A/DFRFoundation
0x00007ff808192000 	/usr/lib/libicucore.A.dylib
0x00007ff813b8c000 	/System/Library/Frameworks/AudioToolbox.framework/Versions/A/AudioToolbox
0x00007ff812aac000 	/System/Library/PrivateFrameworks/DataDetectorsCore.framework/Versions/A/DataDetectorsCore
0x00007ff90e763000 	/System/Library/PrivateFrameworks/TextInput.framework/Versions/A/TextInput
0x00007ff80ad09000 	/usr/lib/libMobileGestalt.dylib
0x00007ff80eb64000 	/System/Library/Frameworks/Carbon.framework/Versions/A/Frameworks/HIToolbox.framework/Versions/A/HIToolbox
0x00007ff80cf27000 	/System/Library/Frameworks/QuartzCore.framework/Versions/A/QuartzCore
0x00007ff807e32000 	/System/Library/Frameworks/Security.framework/Versions/A/Security
0x00007ff816f06000 	/System/Library/Frameworks/Carbon.framework/Versions/A/Frameworks/SpeechRecognition.framework/Versions/A/SpeechRecognition
0x00007ff80d25a000 	/System/Library/PrivateFrameworks/CoreUI.framework/Versions/A/CoreUI
0x00007ff80770a000 	/System/Library/Frameworks/CoreAudio.framework/Versions/A/CoreAudio
0x00007ff80c87f000 	/System/Library/Frameworks/DiskArbitration.framework/Versions/A/DiskArbitration
0x00007ff812208000 	/System/Library/PrivateFrameworks/MultitouchSupport.framework/Versions/A/MultitouchSupport
0x00007ff80ad08000 	/usr/lib/libenergytrace.dylib
0x00007ff80878d000 	/System/Library/Frameworks/IOKit.framework/Versions/A/IOKit
0x00007ff8172f1000 	/System/Library/Frameworks/CoreServices.framework/Versions/A/CoreServices
0x00007ff80d494000 	/System/Library/PrivateFrameworks/PerformanceAnalysis.framework/Versions/A/PerformanceAnalysis
0x00007ffa1e1f2000 	/System/Library/Frameworks/OpenGL.framework/Versions/A/OpenGL
0x00007ff81015b000 	/System/Library/PrivateFrameworks/MobileKeyBag.framework/Versions/A/MobileKeyBag
0x00007ff805c7a000 	/usr/lib/libobjc.A.dylib
0x00007ff80b7e4000 	/System/Library/Frameworks/ColorSync.framework/Versions/A/ColorSync
0x00007ff805e33000 	/System/Library/Frameworks/CoreFoundation.framework/Versions/A/CoreFoundation
0x00007ff80f0ed000 	/System/Library/Frameworks/CoreImage.framework/Versions/A/CoreImage
0x00007ff807520000 	/System/Library/Frameworks/CoreText.framework/Versions/A/CoreText
0x00007ff80eea3000 	/System/Library/Frameworks/ImageIO.framework/Versions/A/ImageIO
0x00007ff810c10000 	/System/Library/PrivateFrameworks/SoftLinking.framework/Versions/A/SoftLinking
0x00007ff80d545000 	/usr/lib/libxml2.2.dylib
0x00007ff805d40000 	/usr/lib/libc++.1.dylib
0x00007ff810e94000 	/usr/lib/libcompression.dylib
0x00007ff8129d6000 	/System/Library/PrivateFrameworks/TextureIO.framework/Versions/A/TextureIO
0x00007ff811587000 	/usr/lib/libate.dylib
0x00007ff810c05000 	/usr/lib/system/libcache.dylib
0x00007ff810bc1000 	/usr/lib/system/libcommonCrypto.dylib
0x00007ff810bea000 	/usr/lib/system/libcompiler_rt.dylib
0x00007ff810be0000 	/usr/lib/system/libcopyfile.dylib
0x00007ff805b74000 	/usr/lib/system/libcorecrypto.dylib
0x00007ff805c33000 	/usr/lib/system/libdispatch.dylib
0x00007ff805df2000 	/usr/lib/system/libdyld.dylib
0x00007ff810bfc000 	/usr/lib/system/libkeymgr.dylib
0x00007ff810b9f000 	/usr/lib/system/libmacho.dylib
0x00007ff81022f000 	/usr/lib/system/libquarantine.dylib
0x00007ff810bfa000 	/usr/lib/system/libremovefile.dylib
0x00007ff80ad55000 	/usr/lib/system/libsystem_asl.dylib
0x00007ff805b22000 	/usr/lib/system/libsystem_blocks.dylib
0x00007ff805cb7000 	/usr/lib/system/libsystem_c.dylib
0x00007ff810bf2000 	/usr/lib/system/libsystem_collections.dylib
0x00007ff80f4d7000 	/usr/lib/system/libsystem_configuration.dylib
0x00007ff80e6e5000 	/usr/lib/system/libsystem_containermanager.dylib
0x00007ff8108dc000 	/usr/lib/system/libsystem_coreservices.dylib
0x00007ff80841b000 	/usr/lib/system/libsystem_darwin.dylib
0x00007ff810bfd000 	/usr/lib/system/libsystem_dnssd.dylib
0x00007ff805cb4000 	/usr/lib/system/libsystem_featureflags.dylib
0x00007ff805e08000 	/usr/lib/system/libsystem_info.dylib
0x00007ff810b3d000 	/usr/lib/system/libsystem_m.dylib
0x00007ff805c07000 	/usr/lib/system/libsystem_malloc.dylib
0x00007ff80acf2000 	/usr/lib/system/libsystem_networkextension.dylib
0x00007ff808843000 	/usr/lib/system/libsystem_notify.dylib
0x00007ff8171c7000 	/usr/lib/system/libsystem_product_info_filter.dylib
0x00007ff80f4db000 	/usr/lib/system/libsystem_sandbox.dylib
0x00007ff810bf7000 	/usr/lib/system/libsystem_secinit.dylib
0x00007ff805daf000 	/usr/lib/system/libsystem_kernel.dylib
0x00007ff805dfe000 	/usr/lib/system/libsystem_platform.dylib
0x00007ff805de6000 	/usr/lib/system/libsystem_pthread.dylib
0x00007ff80c5aa000 	/usr/lib/system/libsystem_symptoms.dylib
0x00007ff805b5b000 	/usr/lib/system/libsystem_trace.dylib
0x00007ff810bcd000 	/usr/lib/system/libunwind.dylib
0x00007ff805b24000 	/usr/lib/system/libxpc.dylib
0x00007ff805d99000 	/usr/lib/libc++abi.dylib
0x00007ff810bd8000 	/usr/lib/liboah.dylib
0x00007ff811365000 	/usr/lib/liblzma.5.dylib
0x00007ff8069ca000 	/System/Library/Frameworks/SystemConfiguration.framework/Versions/A/SystemConfiguration
0x00007ff810c0c000 	/usr/lib/libfakelink.dylib
0x00007ff80a85b000 	/System/Library/Frameworks/CFNetwork.framework/Versions/A/CFNetwork
0x00007ff810d4b000 	/usr/lib/libarchive.2.dylib
0x00007ff80f4e2000 	/System/Library/PrivateFrameworks/AppleSystemInfo.framework/Versions/A/AppleSystemInfo
0x00007ff810256000 	/usr/lib/libbsm.0.dylib
0x00007ff809e91000 	/usr/lib/libnetwork.dylib
0x00007ff810ba5000 	/usr/lib/system/libkxld.dylib
0x00007ff80fe84000 	/System/Library/PrivateFrameworks/IOMobileFramebuffer.framework/Versions/A/IOMobileFramebuffer
0x00007ffb1bf70000 	/usr/lib/libCoreEntitlements.dylib
0x00007ff8108be000 	/System/Library/PrivateFrameworks/AppleFSCompression.framework/Versions/A/AppleFSCompression
0x00007ff81023e000 	/usr/lib/libcoretls.dylib
0x00007ff81137f000 	/usr/lib/libcoretls_cfhelpers.dylib
0x00007ff810e8f000 	/usr/lib/libpam.2.dylib
0x00007ff80c1cc000 	/usr/lib/libsqlite3.dylib
0x00007ff8113ee000 	/usr/lib/libxar.1.dylib
0x00007ff8108ce000 	/usr/lib/libbz2.1.0.dylib
0x00007ff810c11000 	/usr/lib/libpcap.A.dylib
0x00007ff80c5a1000 	/usr/lib/libdns_services.dylib
0x00007ff810e5e000 	/usr/lib/libapple_nghttp2.dylib
0x00007ff810c48000 	/usr/lib/libiconv.2.dylib
0x00007ff810b9e000 	/usr/lib/libcharset.1.dylib
0x00007ff80d4c8000 	/System/Library/Frameworks/CoreServices.framework/Versions/A/Frameworks/FSEvents.framework/Versions/A/FSEvents
0x00007ff808425000 	/System/Library/Frameworks/CoreServices.framework/Versions/A/Frameworks/CarbonCore.framework/Versions/A/CarbonCore
0x00007ff80c7e4000 	/System/Library/Frameworks/CoreServices.framework/Versions/A/Frameworks/Metadata.framework/Versions/A/Metadata
0x00007ff8108e1000 	/System/Library/Frameworks/CoreServices.framework/Versions/A/Frameworks/OSServices.framework/Versions/A/OSServices
0x00007ff810dd2000 	/System/Library/Frameworks/CoreServices.framework/Versions/A/Frameworks/SearchKit.framework/Versions/A/SearchKit
0x00007ff80c533000 	/System/Library/Frameworks/CoreServices.framework/Versions/A/Frameworks/AE.framework/Versions/A/AE
0x00007ff806336000 	/System/Library/Frameworks/CoreServices.framework/Versions/A/Frameworks/LaunchServices.framework/Versions/A/LaunchServices
0x00007ff811316000 	/System/Library/Frameworks/CoreServices.framework/Versions/A/Frameworks/DictionaryServices.framework/Versions/A/DictionaryServices
0x00007ff80d4d5000 	/System/Library/Frameworks/CoreServices.framework/Versions/A/Frameworks/SharedFileList.framework/Versions/A/SharedFileList
0x00007ff810232000 	/usr/lib/libCheckFix.dylib
0x00007ff80ad6c000 	/System/Library/PrivateFrameworks/TCC.framework/Versions/A/TCC
0x00007ff80f4e8000 	/System/Library/PrivateFrameworks/CoreNLP.framework/Versions/A/CoreNLP
0x00007ff80c794000 	/System/Library/PrivateFrameworks/MetadataUtilities.framework/Versions/A/MetadataUtilities
0x00007ff806a7a000 	/usr/lib/libmecabra.dylib
0x00007ff810266000 	/usr/lib/libmecab.dylib
0x00007ff806a45000 	/usr/lib/libCRFSuite.dylib
0x00007ff8102c3000 	/usr/lib/libgermantok.dylib
0x00007ff810e39000 	/usr/lib/libThaiTokenizer.dylib
0x00007ff80c886000 	/System/Library/Frameworks/Accelerate.framework/Versions/A/Frameworks/vImage.framework/Versions/A/vImage
0x00007ff8172c8000 	/System/Library/Frameworks/Accelerate.framework/Versions/A/Frameworks/vecLib.framework/Versions/A/vecLib
0x00007ff81142f000 	/System/Library/Frameworks/Accelerate.framework/Versions/A/Frameworks/vecLib.framework/Versions/A/libvMisc.dylib
0x00007ff80fca2000 	/System/Library/Frameworks/Accelerate.framework/Versions/A/Frameworks/vecLib.framework/Versions/A/libvDSP.dylib
0x00007ff8066ae000 	/System/Library/Frameworks/Accelerate.framework/Versions/A/Frameworks/vecLib.framework/Versions/A/libBLAS.dylib
0x00007ff810f70000 	/System/Library/Frameworks/Accelerate.framework/Versions/A/Frameworks/vecLib.framework/Versions/A/libLAPACK.dylib
0x00007ff8102c6000 	/System/Library/Frameworks/Accelerate.framework/Versions/A/Frameworks/vecLib.framework/Versions/A/libLinearAlgebra.dylib
0x00007ff810e77000 	/System/Library/Frameworks/Accelerate.framework/Versions/A/Frameworks/vecLib.framework/Versions/A/libSparseBLAS.dylib
0x00007ff810f6a000 	/System/Library/Frameworks/Accelerate.framework/Versions/A/Frameworks/vecLib.framework/Versions/A/libQuadrature.dylib
0x00007ff80f5d2000 	/System/Library/Frameworks/Accelerate.framework/Versions/A/Frameworks/vecLib.framework/Versions/A/libBNNS.dylib
0x00007ff80695b000 	/System/Library/Frameworks/Accelerate.framework/Versions/A/Frameworks/vecLib.framework/Versions/A/libSparse.dylib
0x00007ff80f5cb000 	/System/Library/PrivateFrameworks/LinguisticData.framework/Versions/A/LinguisticData
0x00007ff806910000 	/System/Library/PrivateFrameworks/Lexicon.framework/Versions/A/Lexicon
0x00007ff811428000 	/usr/lib/libChineseTokenizer.dylib
0x00007ff807074000 	/System/Library/PrivateFrameworks/LanguageModeling.framework/Versions/A/LanguageModeling
0x00007ff810e3b000 	/System/Library/PrivateFrameworks/AppleSauce.framework/Versions/A/AppleSauce
0x00007ff80fe72000 	/System/Library/PrivateFrameworks/CoreEmoji.framework/Versions/A/CoreEmoji
0x00007ff810d3a000 	/usr/lib/libcmph.dylib
0x00007ff80d4ac000 	/System/Library/Frameworks/OpenDirectory.framework/Versions/A/Frameworks/CFOpenDirectory.framework/Versions/A/CFOpenDirectory
0x00007ff80d4a0000 	/System/Library/Frameworks/OpenDirectory.framework/Versions/A/OpenDirectory
0x00007ff811381000 	/System/Library/PrivateFrameworks/APFS.framework/Versions/A/APFS
0x00007ff810193000 	/System/Library/Frameworks/SecurityFoundation.framework/Versions/A/SecurityFoundation
0x00007ff8113fc000 	/usr/lib/libutil.dylib
0x00007ff808750000 	/System/Library/PrivateFrameworks/CoreServicesStore.framework/Versions/A/CoreServicesStore
0x00007ff811400000 	/usr/lib/libxslt.1.dylib
0x00007ff810220000 	/System/Library/PrivateFrameworks/BackgroundTaskManagement.framework/Versions/A/BackgroundTaskManagement
0x00007ff8128f6000 	/System/Library/Frameworks/ImageIO.framework/Versions/A/Resources/libRadiance.dylib
0x00007ff8128ff000 	/System/Library/Frameworks/ImageIO.framework/Versions/A/Resources/libJPEG.dylib
0x00007ff81284f000 	/System/Library/Frameworks/ImageIO.framework/Versions/A/Resources/libPng.dylib
0x00007ff812870000 	/System/Library/Frameworks/ImageIO.framework/Versions/A/Resources/libTIFF.dylib
0x00007ff81295f000 	/System/Library/Frameworks/ImageIO.framework/Versions/A/Resources/libGIF.dylib
0x00007ff812121000 	/System/Library/Frameworks/ImageIO.framework/Versions/A/Resources/libJP2.dylib
0x00007ff81183c000 	/usr/lib/libexpat.1.dylib
0x00007ff8120d6000 	/System/Library/PrivateFrameworks/AppleJPEG.framework/Versions/A/AppleJPEG
0x00007ff80ea2b000 	/System/Library/PrivateFrameworks/FontServices.framework/libFontParser.dylib
0x00007ff80c4dd000 	/System/Library/PrivateFrameworks/RunningBoardServices.framework/Versions/A/RunningBoardServices
0x00007ff81d498000 	/System/Library/PrivateFrameworks/IOSurfaceAccelerator.framework/Versions/A/IOSurfaceAccelerator
0x00007ff812204000 	/System/Library/PrivateFrameworks/WatchdogClient.framework/Versions/A/WatchdogClient
0x00007ff807163000 	/System/Library/Frameworks/CoreDisplay.framework/Versions/A/CoreDisplay
0x00007ff80e877000 	/System/Library/Frameworks/CoreMedia.framework/Versions/A/CoreMedia
0x00007ff80e714000 	/System/Library/PrivateFrameworks/IOAccelerator.framework/Versions/A/IOAccelerator
0x00007ff80d628000 	/System/Library/Frameworks/CoreVideo.framework/Versions/A/CoreVideo
0x00007ff810e8d000 	/System/Library/Frameworks/MetalPerformanceShaders.framework/Versions/A/MetalPerformanceShaders
0x00007ff81223f000 	/System/Library/Frameworks/VideoToolbox.framework/Versions/A/VideoToolbox
0x00007ff80c425000 	/System/Library/PrivateFrameworks/BaseBoard.framework/Versions/A/BaseBoard
0x00007ff80c1b2000 	/System/Library/PrivateFrameworks/ProtocolBuffer.framework/Versions/A/ProtocolBuffer
0x00007ff8128ef000 	/System/Library/PrivateFrameworks/GPUWrangler.framework/Versions/A/GPUWrangler
0x00007ff8128d2000 	/System/Library/PrivateFrameworks/IOPresentment.framework/Versions/A/IOPresentment
0x00007ff8128f9000 	/System/Library/PrivateFrameworks/DSExternalDisplay.framework/Versions/A/DSExternalDisplay
0x00007ffa1e1e6000 	/System/Library/Frameworks/OpenGL.framework/Versions/A/Libraries/libCoreFSCache.dylib
0x00007ffb0a0ca000 	/System/Library/PrivateFrameworks/GPUCompiler.framework/Versions/31001/Libraries/libGPUCompilerUtils.dylib
0x00007ff812964000 	/System/Library/PrivateFrameworks/CMCaptureCore.framework/Versions/A/CMCaptureCore
0x00007ff811e0f000 	/System/Library/PrivateFrameworks/AppServerSupport.framework/Versions/A/AppServerSupport
0x00007ff814411000 	/System/Library/PrivateFrameworks/perfdata.framework/Versions/A/perfdata
0x00007ff80728f000 	/System/Library/PrivateFrameworks/AudioToolboxCore.framework/Versions/A/AudioToolboxCore
0x00007ff80e854000 	/System/Library/PrivateFrameworks/caulk.framework/Versions/A/caulk
0x00007ff813d35000 	/usr/lib/libAudioStatistics.dylib
0x00007ff90aff2000 	/System/Library/PrivateFrameworks/SystemPolicy.framework/Versions/A/SystemPolicy
0x00007ff813f8a000 	/usr/lib/libSMC.dylib
0x00007ff81cdd1000 	/System/Library/Frameworks/CoreMIDI.framework/Versions/A/CoreMIDI
0x00007ff81281f000 	/usr/lib/libAudioToolboxUtility.dylib
0x00007ff9073b8000 	/System/Library/PrivateFrameworks/OSAServicesClient.framework/Versions/A/OSAServicesClient
0x00007ff81441e000 	/usr/lib/libperfcheck.dylib
0x00007ff90ba84000 	/usr/lib/libmis.dylib
0x00007ffa1e242000 	/System/Library/Frameworks/OpenGL.framework/Versions/A/Libraries/libGLU.dylib
0x00007ffa1e205000 	/System/Library/Frameworks/OpenGL.framework/Versions/A/Libraries/libGFXShared.dylib
0x00007ffa1e413000 	/System/Library/Frameworks/OpenGL.framework/Versions/A/Libraries/libGL.dylib
0x00007ffa1e20e000 	/System/Library/Frameworks/OpenGL.framework/Versions/A/Libraries/libGLImage.dylib
0x00007ffa1e202000 	/System/Library/Frameworks/OpenGL.framework/Versions/A/Libraries/libCVMSPluginSupport.dylib
0x00007ffa1e1ed000 	/System/Library/Frameworks/OpenGL.framework/Versions/A/Libraries/libCoreVMClient.dylib
0x00007ff80f466000 	/System/Library/Frameworks/MetalPerformanceShaders.framework/Versions/A/Frameworks/MPSCore.framework/Versions/A/MPSCore
0x00007ff810829000 	/System/Library/Frameworks/MetalPerformanceShaders.framework/Versions/A/Frameworks/MPSImage.framework/Versions/A/MPSImage
0x00007ff8102dc000 	/System/Library/Frameworks/MetalPerformanceShaders.framework/Versions/A/Frameworks/MPSNeuralNetwork.framework/Versions/A/MPSNeuralNetwork
0x00007ff810751000 	/System/Library/Frameworks/MetalPerformanceShaders.framework/Versions/A/Frameworks/MPSMatrix.framework/Versions/A/MPSMatrix
0x00007ff81050d000 	/System/Library/Frameworks/MetalPerformanceShaders.framework/Versions/A/Frameworks/MPSRayIntersector.framework/Versions/A/MPSRayIntersector
0x00007ff81078a000 	/System/Library/Frameworks/MetalPerformanceShaders.framework/Versions/A/Frameworks/MPSNDArray.framework/Versions/A/MPSNDArray
0x00007ffa22e04000 	/System/Library/Frameworks/MetalPerformanceShaders.framework/Versions/A/Frameworks/MPSFunctions.framework/Versions/A/MPSFunctions
0x00007ff806591000 	/System/Library/PrivateFrameworks/MetalTools.framework/Versions/A/MetalTools
0x00007ff80f4e0000 	/System/Library/PrivateFrameworks/AggregateDictionary.framework/Versions/A/AggregateDictionary
0x00007ff81161e000 	/usr/lib/libIOReport.dylib
0x00007ffa1f822000 	/System/Library/Frameworks/OpenCL.framework/Versions/A/OpenCL
0x00007ff8119a9000 	/System/Library/PrivateFrameworks/FaceCore.framework/Versions/A/FaceCore
0x00007ff81199a000 	/System/Library/PrivateFrameworks/GraphVisualizer.framework/Versions/A/GraphVisualizer
0x00007ffb09fd5000 	/System/Library/PrivateFrameworks/FontServices.framework/Versions/A/FontServices
0x00007ff811dc6000 	/System/Library/PrivateFrameworks/OTSVG.framework/Versions/A/OTSVG
0x00007ff80d210000 	/System/Library/Frameworks/ApplicationServices.framework/Versions/A/Frameworks/ATS.framework/Versions/A/Resources/libFontRegistry.dylib
0x00007ff811e17000 	/System/Library/PrivateFrameworks/FontServices.framework/libhvf.dylib
0x00007ffb09fd6000 	/System/Library/PrivateFrameworks/FontServices.framework/libXTFontStaticRegistryData.dylib
0x00007ff8117ec000 	/System/Library/PrivateFrameworks/AppleVA.framework/Versions/A/AppleVA
0x00007ff813d59000 	/System/Library/Frameworks/ApplicationServices.framework/Versions/A/Frameworks/ATS.framework/Versions/A/ATS
0x00007ff80b8e0000 	/System/Library/Frameworks/ApplicationServices.framework/Versions/A/Frameworks/HIServices.framework/Versions/A/HIServices
0x00007ff81296e000 	/System/Library/Frameworks/ApplicationServices.framework/Versions/A/Frameworks/PrintCore.framework/Versions/A/PrintCore
0x00007ff8140dd000 	/System/Library/Frameworks/ApplicationServices.framework/Versions/A/Frameworks/QD.framework/Versions/A/QD
0x00007ff8140d5000 	/System/Library/Frameworks/ApplicationServices.framework/Versions/A/Frameworks/ColorSyncLegacy.framework/Versions/A/ColorSyncLegacy
0x00007ff813d49000 	/System/Library/Frameworks/ApplicationServices.framework/Versions/A/Frameworks/SpeechSynthesis.framework/Versions/A/SpeechSynthesis
0x00007ff81292f000 	/System/Library/Frameworks/ApplicationServices.framework/Versions/A/Frameworks/ATSUI.framework/Versions/A/ATSUI
0x00007ff81406a000 	/usr/lib/libcups.2.dylib
0x00007ff81442d000 	/System/Library/Frameworks/Kerberos.framework/Versions/A/Kerberos
0x00007ff81443c000 	/System/Library/Frameworks/GSS.framework/Versions/A/GSS
0x00007ff813dc5000 	/usr/lib/libresolv.9.dylib
0x00007ff811e26000 	/System/Library/PrivateFrameworks/Heimdal.framework/Versions/A/Heimdal
0x00007ff81af28000 	/System/Library/Frameworks/Kerberos.framework/Versions/A/Libraries/libHeimdalProxy.dylib
0x00007ff80c5b2000 	/System/Library/Frameworks/Network.framework/Versions/A/Network
0x00007ff811856000 	/usr/lib/libheimdal-asn1.dylib
0x00007ff814488000 	/System/Library/PrivateFrameworks/CommonAuth.framework/Versions/A/CommonAuth
0x00007ff813cc6000 	/System/Library/PrivateFrameworks/AudioSession.framework/Versions/A/AudioSession
0x00007ff8118e6000 	/System/Library/PrivateFrameworks/MediaExperience.framework/Versions/A/MediaExperience
0x00007ff813b5b000 	/System/Library/PrivateFrameworks/AudioSession.framework/libSessionUtility.dylib
0x00007ff8140e9000 	/System/Library/PrivateFrameworks/AudioResourceArbitration.framework/Versions/A/AudioResourceArbitration
0x00007ff8180db000 	/System/Library/PrivateFrameworks/PowerLog.framework/Versions/A/PowerLog
0x00007ff81185f000 	/System/Library/PrivateFrameworks/IconFoundation.framework/Versions/A/IconFoundation
0x00007ff816ef6000 	/System/Library/PrivateFrameworks/SpeechRecognitionCore.framework/Versions/A/SpeechRecognitionCore
0x000000010d2b2000 	/Users/naoufalalaa/Library/Java/JavaVirtualMachines/corretto-1.8.0_312/Contents/Home/jre/lib/server/libjvm.dylib
0x000000010c946000 	/Users/naoufalalaa/Library/Java/JavaVirtualMachines/corretto-1.8.0_312/Contents/Home/jre/lib/libverify.dylib
0x000000010c991000 	/Users/naoufalalaa/Library/Java/JavaVirtualMachines/corretto-1.8.0_312/Contents/Home/jre/lib/libjava.dylib
0x000000010c9c9000 	/Users/naoufalalaa/Library/Java/JavaVirtualMachines/corretto-1.8.0_312/Contents/Home/jre/lib/libinstrument.dylib
0x000000010c96d000 	/Users/naoufalalaa/Library/Java/JavaVirtualMachines/corretto-1.8.0_312/Contents/Home/jre/lib/libzip.dylib
0x0000000123b05000 	/Users/naoufalalaa/Library/Java/JavaVirtualMachines/corretto-1.8.0_312/Contents/Home/jre/lib/libnio.dylib
0x0000000123b3c000 	/Users/naoufalalaa/Library/Java/JavaVirtualMachines/corretto-1.8.0_312/Contents/Home/jre/lib/libnet.dylib
0x0000000123b1d000 	/Users/naoufalalaa/Library/Java/JavaVirtualMachines/corretto-1.8.0_312/Contents/Home/jre/lib/libprism_es2.dylib
0x00007ff808711000 	/System/Library/PrivateFrameworks/CoreServicesInternal.framework/Versions/A/CoreServicesInternal
0x00007ffa1e41e000 	/System/Library/Frameworks/OpenGL.framework/Versions/A/Resources/GLEngine.bundle/GLEngine
0x00007ffa1e280000 	/System/Library/Frameworks/OpenGL.framework/Versions/A/Libraries/libGLProgrammability.dylib
0x00007ffa15f54000 	/System/Library/Extensions/AppleIntelBDWGraphicsGLDriver.bundle/Contents/MacOS/AppleIntelBDWGraphicsGLDriver
0x00007ff91594f000 	/System/Library/PrivateFrameworks/GPUSupport.framework/Versions/A/Libraries/libGPUSupportMercury.dylib
0x00007ffa1e5ad000 	/System/Library/Frameworks/OpenGL.framework/Versions/A/Resources/GLRendererFloat.bundle/GLRendererFloat
0x0000000124054000 	/Users/naoufalalaa/Library/Java/JavaVirtualMachines/corretto-1.8.0_312/Contents/Home/jre/lib/libglass.dylib
0x00007ff8186cc000 	/System/Library/Frameworks/FileProvider.framework/Versions/A/FileProvider
0x00007ff80c391000 	/System/Library/Frameworks/Accounts.framework/Versions/A/Accounts
0x00007ff818843000 	/System/Library/PrivateFrameworks/GenerationalStorage.framework/Versions/A/GenerationalStorage
0x00007ff819357000 	/System/Library/PrivateFrameworks/CoreSymbolication.framework/Versions/A/CoreSymbolication
0x00007ff8180d0000 	/System/Library/PrivateFrameworks/SymptomDiagnosticReporter.framework/Versions/A/SymptomDiagnosticReporter
0x00007ff8099d2000 	/System/Library/PrivateFrameworks/DesktopServicesPriv.framework/Versions/A/DesktopServicesPriv
0x00007ff808852000 	/usr/lib/libsandbox.1.dylib
0x00007ff80d6a7000 	/System/Library/PrivateFrameworks/UserManagement.framework/Versions/A/UserManagement
0x00007ff81931c000 	/System/Library/PrivateFrameworks/DebugSymbols.framework/Versions/A/DebugSymbols
0x00007ff8140ca000 	/System/Library/PrivateFrameworks/NetAuth.framework/Versions/A/NetAuth
0x00007ff814fba000 	/System/Library/PrivateFrameworks/Sharing.framework/Versions/A/Sharing
0x00007ff80d67a000 	/System/Library/PrivateFrameworks/login.framework/Versions/A/Frameworks/loginsupport.framework/Versions/A/loginsupport
0x00007ff81a45c000 	/System/Library/PrivateFrameworks/Apple80211.framework/Versions/A/Apple80211
0x00007ff81090e000 	/System/Library/PrivateFrameworks/AuthKit.framework/Versions/A/AuthKit
0x00007ff80ff68000 	/System/Library/PrivateFrameworks/CoreUtils.framework/Versions/A/CoreUtils
0x00007ff80fe8f000 	/System/Library/Frameworks/CoreWLAN.framework/Versions/A/CoreWLAN
0x00007ff815115000 	/System/Library/Frameworks/IOBluetooth.framework/Versions/A/IOBluetooth
0x00007ff81a4c4000 	/System/Library/PrivateFrameworks/CoreWiFi.framework/Versions/A/CoreWiFi
0x00007ff818ef1000 	/System/Library/PrivateFrameworks/FrontBoardServices.framework/Versions/A/FrontBoardServices
0x00007ff818f83000 	/System/Library/PrivateFrameworks/BoardServices.framework/Versions/A/BoardServices
0x00007ff810182000 	/System/Library/PrivateFrameworks/AssertionServices.framework/Versions/A/AssertionServices
0x00007ff81a648000 	/System/Library/PrivateFrameworks/BackBoardServices.framework/Versions/A/BackBoardServices
0x00007ff814517000 	/System/Library/PrivateFrameworks/CorePhoneNumbers.framework/Versions/A/CorePhoneNumbers
0x00007ff8181ed000 	/System/Library/PrivateFrameworks/DiskManagement.framework/Versions/A/DiskManagement
0x00007ff818101000 	/System/Library/PrivateFrameworks/AppleIDAuthSupport.framework/Versions/A/AppleIDAuthSupport
0x00007ffa24d9a000 	/System/Library/PrivateFrameworks/AAAFoundation.framework/Versions/A/AAAFoundation
0x00007ff8144f8000 	/System/Library/PrivateFrameworks/KeychainCircle.framework/Versions/A/KeychainCircle
0x00007ff8181b9000 	/System/Library/PrivateFrameworks/MediaKit.framework/Versions/A/MediaKit
0x00007ff81810d000 	/System/Library/Frameworks/DiscRecording.framework/Versions/A/DiscRecording
0x00007ff811764000 	/usr/lib/libCoreStorage.dylib
0x00007ff81a937000 	/usr/lib/libcsfde.dylib
0x00007ff8151e2000 	/System/Library/PrivateFrameworks/ProtectedCloudStorage.framework/Versions/A/ProtectedCloudStorage
0x00007ff81a933000 	/System/Library/PrivateFrameworks/EFILogin.framework/Versions/A/EFILogin
0x00007ff818869000 	/System/Library/PrivateFrameworks/OctagonTrust.framework/Versions/A/OctagonTrust
0x00007ffb092f7000 	/System/Library/PrivateFrameworks/CoreUtilsExtras.framework/Versions/A/CoreUtilsExtras
0x00007ff818043000 	/System/Library/Frameworks/CoreBluetooth.framework/Versions/A/CoreBluetooth
0x00007ff81afad000 	/System/Library/Frameworks/AudioUnit.framework/Versions/A/AudioUnit
0x00007ff81175c000 	/usr/lib/libMatch.1.dylib
0x00007ff90fed5000 	/System/Library/Frameworks/Accelerate.framework/Versions/A/Frameworks/vImage.framework/Versions/A/Libraries/libCGInterfaces.dylib
0x00000001257a8000 	/usr/lib/libobjc-trampolines.dylib
0x00007ff80d3a0000 	/System/Library/PrivateFrameworks/ViewBridge.framework/Versions/A/ViewBridge
0x00007ffb1c07e000 	/usr/lib/libRosetta.dylib
0x0000000128324000 	/Users/naoufalalaa/Library/Java/JavaVirtualMachines/corretto-1.8.0_312/Contents/Home/jre/lib/libjavafx_font.dylib
0x00007ff811ee0000 	/System/Library/PrivateFrameworks/login.framework/Versions/A/login
0x000000012df6f000 	/Users/naoufalalaa/Library/Java/JavaVirtualMachines/corretto-1.8.0_312/Contents/Home/jre/lib/libprism_common.dylib
0x00007ff8175c0000 	/System/Library/PrivateFrameworks/SystemAdministration.framework/Versions/A/SystemAdministration
0x00007ff812b96000 	/System/Library/Frameworks/MediaToolbox.framework/Versions/A/MediaToolbox
0x00007ff816ec2000 	/System/Library/Frameworks/DirectoryService.framework/Versions/A/DirectoryService
0x00007ff81a7d5000 	/System/Library/PrivateFrameworks/DiskImages.framework/Versions/A/DiskImages
0x00007ff81022a000 	/System/Library/Frameworks/ServiceManagement.framework/Versions/A/ServiceManagement
0x00007ff81a9af000 	/System/Library/PrivateFrameworks/LoginUIKit.framework/Versions/A/Frameworks/LoginUICore.framework/Versions/A/LoginUICore
0x00007ff81208e000 	/usr/lib/libodfde.dylib
0x00007ff81869c000 	/System/Library/PrivateFrameworks/CoreAVCHD.framework/Versions/A/CoreAVCHD
0x00007ff817584000 	/System/Library/Frameworks/MediaAccessibility.framework/Versions/A/MediaAccessibility
0x00007ff818698000 	/System/Library/PrivateFrameworks/Mangrove.framework/Versions/A/Mangrove
0x00007ff81758f000 	/System/Library/PrivateFrameworks/AlgosScoreFramework.framework/Versions/A/AlgosScoreFramework
0x00007ffb06743000 	/System/Library/PrivateFrameworks/CMPhoto.framework/Versions/A/CMPhoto
0x00007ff8191f2000 	/System/Library/PrivateFrameworks/AppleVPA.framework/Versions/A/AppleVPA
0x00007ff8182dd000 	/System/Library/PrivateFrameworks/CoreAUC.framework/Versions/A/CoreAUC
0x00007ff81a943000 	/usr/lib/libcurl.4.dylib
0x00007ff81a6a0000 	/usr/lib/libcrypto.44.dylib
0x00007ff81a7a8000 	/usr/lib/libssl.46.dylib
0x00007ff81a666000 	/System/Library/Frameworks/LDAP.framework/Versions/A/LDAP
0x00007ff81a69e000 	/System/Library/PrivateFrameworks/TrustEvaluationAgent.framework/Versions/A/TrustEvaluationAgent
0x00007ff813dde000 	/usr/lib/libsasl2.2.dylib
0x00007ff8175b4000 	/System/Library/PrivateFrameworks/CoreDaemon.framework/Versions/B/CoreDaemon
0x00007ff8175af000 	/System/Library/PrivateFrameworks/AppleSRP.framework/Versions/A/AppleSRP

VM Arguments:
jvm_args: -javaagent:/Applications/IntelliJ IDEA.app/Contents/lib/idea_rt.jar=51226:/Applications/IntelliJ IDEA.app/Contents/bin -Dfile.encoding=UTF-8 
java_command: presenation.Main
java_class_path (initial): /Users/naoufalalaa/Library/Java/JavaVirtualMachines/corretto-1.8.0_312/Contents/Home/jre/lib/charsets.jar:/Users/naoufalalaa/Library/Java/JavaVirtualMachines/corretto-1.8.0_312/Contents/Home/jre/lib/ext/cldrdata.jar:/Users/naoufalalaa/Library/Java/JavaVirtualMachines/corretto-1.8.0_312/Contents/Home/jre/lib/ext/dnsns.jar:/Users/naoufalalaa/Library/Java/JavaVirtualMachines/corretto-1.8.0_312/Contents/Home/jre/lib/ext/jaccess.jar:/Users/naoufalalaa/Library/Java/JavaVirtualMachines/corretto-1.8.0_312/Contents/Home/jre/lib/ext/jfxrt.jar:/Users/naoufalalaa/Library/Java/JavaVirtualMachines/corretto-1.8.0_312/Contents/Home/jre/lib/ext/localedata.jar:/Users/naoufalalaa/Library/Java/JavaVirtualMachines/corretto-1.8.0_312/Contents/Home/jre/lib/ext/nashorn.jar:/Users/naoufalalaa/Library/Java/JavaVirtualMachines/corretto-1.8.0_312/Contents/Home/jre/lib/ext/sunec.jar:/Users/naoufalalaa/Library/Java/JavaVirtualMachines/corretto-1.8.0_312/Contents/Home/jre/lib/ext/sunjce_provider.jar:/Users/naoufalalaa/Library/Java/JavaVirtualMachines/corretto-1.8.0_312/Contents/Home/jre/lib/ext/sunpkcs11.jar:/Users/naoufalalaa/Library/Java/JavaVirtualMachines/corretto-1.8.0_312/Contents/Home/jre/lib/ext/zipfs.jar:/Users/naoufalalaa/Library/Java/JavaVirtualMachines/corretto-1.8.0_312/Contents/Home/jre/lib/jce.jar:/Users/naoufalalaa/Library/Java/JavaVirtualMachines/corretto-1.8.0_312/Contents/Home/jre/lib/jfr.jar:/Users/naoufalalaa/Library/Java/JavaVirtualMachines/corretto-1.8.0_312/Contents/Home/jre/lib/jfxswt.jar:/Users/naoufalalaa/Library/Java/JavaVirtualMachines/corretto-1.8.0_312/Contents/Home/jre/lib/jsse.jar:/Users/naoufalalaa/Library/Java/JavaVirtualMachines/corretto-1.8.0_312/Contents/Home/jre/lib/management-agent.jar:/Users/naoufalalaa/Library/Java/JavaVirtualMachines/corretto-1.8.0_312/Contents/Home/jre/lib/resources.jar:/Users/naoufalalaa/Library/Java/JavaVirtualMachines/corretto-1.8.0_312/Contents/Home/jre/lib/rt.jar:/Users/naoufalalaa/Library/Java/JavaVirt
Launcher Type: SUN_STANDARD

Environment Variables:
PATH=/Library/Frameworks/Python.framework/Versions/3.9/bin:/usr/local/bin:/usr/bin:/bin:/usr/sbin:/sbin:/Library/Apple/usr/bin
SHELL=/bin/zsh

Signal Handlers:
SIGSEGV: [libjvm.dylib+0x573377], sa_mask[0]=11111111011111110111111111111111, sa_flags=SA_ONSTACK|SA_RESTART|SA_SIGINFO
SIGBUS: [libjvm.dylib+0x573377], sa_mask[0]=11111111011111110111111111111111, sa_flags=SA_RESTART|SA_SIGINFO
SIGFPE: [libjvm.dylib+0x46e85b], sa_mask[0]=11111111011111110111111111111111, sa_flags=SA_RESTART|SA_SIGINFO
SIGPIPE: [libjvm.dylib+0x46e85b], sa_mask[0]=11111111011111110111111111111111, sa_flags=SA_RESTART|SA_SIGINFO
SIGXFSZ: [libjvm.dylib+0x46e85b], sa_mask[0]=11111111011111110111111111111111, sa_flags=SA_RESTART|SA_SIGINFO
SIGILL: [libjvm.dylib+0x46e85b], sa_mask[0]=11111111011111110111111111111111, sa_flags=SA_RESTART|SA_SIGINFO
SIGUSR1: SIG_DFL, sa_mask[0]=00000000000000000000000000000000, sa_flags=none
SIGUSR2: [libjvm.dylib+0x46f13a], sa_mask[0]=00100000000000000000000000000000, sa_flags=SA_RESTART|SA_SIGINFO
SIGHUP: [libjvm.dylib+0x46d36f], sa_mask[0]=11111111011111110111111111111111, sa_flags=SA_RESTART|SA_SIGINFO
SIGINT: [libjvm.dylib+0x46d36f], sa_mask[0]=11111111011111110111111111111111, sa_flags=SA_RESTART|SA_SIGINFO
SIGTERM: [libjvm.dylib+0x46d36f], sa_mask[0]=11111111011111110111111111111111, sa_flags=SA_RESTART|SA_SIGINFO
SIGQUIT: [libjvm.dylib+0x46d36f], sa_mask[0]=11111111011111110111111111111111, sa_flags=SA_RESTART|SA_SIGINFO


---------------  S Y S T E M  ---------------

OS:Bsduname:Darwin 21.3.0 Darwin Kernel Version 21.3.0: Wed Dec  8 00:40:29 PST 2021; root:xnu-8019.80.11.111.1~1/RELEASE_X86_64 x86_64
rlimit: STACK 8192k, CORE 0k, NPROC 1392, NOFILE 10240, AS infinity
load average:1.43 2.19 2.47

CPU:total 4 (initial active 4) (2 cores per cpu, 2 threads per core) family 6 model 61 stepping 4, cmov, cx8, fxsr, mmx, sse, sse2, sse3, ssse3, sse4.1, sse4.2, popcnt, avx, avx2, aes, clmul, erms, rtm, 3dnowpref, lzcnt, ht, tsc, tscinvbit, bmi1, bmi2, adx

Memory: 4k page, physical 8388608k(62460k free)

/proc/meminfo:


vm_info: OpenJDK 64-Bit Server VM (25.312-b07) for bsd-amd64 JRE (1.8.0_312-b07), built on Oct 14 2021 21:08:52 by "ec2-user" with gcc Apple LLVM 13.0.0 (clang-1300.0.29.3)

time: Sun Jan 23 19:03:54 2022
timezone: +01
elapsed time: 364.198748 seconds (0d 0h 6m 4s)

