#
# A fatal error has been detected by the Java Runtime Environment:
#
#  Internal Error (safepoint.cpp:848), pid=24589, tid=0x000000000000600b
#  fatal error: Illegal threadstate encountered: 4
#
# JRE version: OpenJDK Runtime Environment (8.0_312-b07) (build 1.8.0_312-b07)
# Java VM: OpenJDK 64-Bit Server VM (25.312-b07 mixed mode bsd-amd64 compressed oops)
# Failed to write core dump. Core dumps have been disabled. To enable core dumping, try "ulimit -c unlimited" before starting Java again
#
# If you would like to submit a bug report, please visit:
#   https://github.com/corretto/corretto-8/issues/
# The crash happened outside the Java Virtual Machine in native code.
# See problematic frame for where to report the bug.
#

---------------  T H R E A D  ---------------

Current thread (0x00007fc5571c9800):  JavaThread "Thread-1" daemon [_thread_in_native, id=24587, stack(0x0000700003b10000,0x0000700003c10000)]

Stack: [0x0000700003b10000,0x0000700003c10000],  sp=0x0000700003c0efa0,  free space=1019k
Native frames: (J=compiled Java code, j=interpreted, Vv=VM code, C=native code)
V  [libjvm.dylib+0x5728b4]
V  [libjvm.dylib+0x1c53be]
V  [libjvm.dylib+0x4c6335]
V  [libjvm.dylib+0x538680]
V  [libjvm.dylib+0x553798]
V  [libjvm.dylib+0x55373c]
V  [libjvm.dylib+0x55370b]
V  [libjvm.dylib+0x54e079]
V  [libjvm.dylib+0x2f8a0a]
C  [libglass.dylib+0xa8e8]  -[GlassRunnable dealloc]+0x28
C  [Foundation+0x80eab]  -[_NSThreadPerformInfo dealloc]+0x2a
C  [Foundation+0x4dcd7]  -[NSObject(NSThreadPerformAdditions) performSelectorOnMainThread:withObject:waitUntilDone:]+0x7c
J 2153  com.sun.glass.ui.mac.MacApplication._submitForLaterInvocation(Ljava/lang/Runnable;)V (0 bytes) @ 0x0000000110b0a97c [0x0000000110b0a8c0+0xbc]
J 2152 C1 com.sun.glass.ui.mac.MacApplication.submitForLaterInvocation(Ljava/lang/Runnable;)V (6 bytes) @ 0x0000000110b0a5bc [0x0000000110b0a540+0x7c]
j  com.sun.glass.ui.InvokeLaterDispatcher.run()V+82
v  ~StubRoutines::call_stub
V  [libjvm.dylib+0x2c40cc]
V  [libjvm.dylib+0x2c2f19]
V  [libjvm.dylib+0x2c3165]
V  [libjvm.dylib+0x332690]
V  [libjvm.dylib+0x536fb3]
V  [libjvm.dylib+0x536e71]
V  [libjvm.dylib+0x46c41e]
C  [libsystem_pthread.dylib+0x64f4]  _pthread_start+0x7d
C  [libsystem_pthread.dylib+0x200f]  thread_start+0xf
C  0x0000000000000000

Java frames: (J=compiled Java code, j=interpreted, Vv=VM code)
J 2153  com.sun.glass.ui.mac.MacApplication._submitForLaterInvocation(Ljava/lang/Runnable;)V (0 bytes) @ 0x0000000110b0a90c [0x0000000110b0a8c0+0x4c]
J 2152 C1 com.sun.glass.ui.mac.MacApplication.submitForLaterInvocation(Ljava/lang/Runnable;)V (6 bytes) @ 0x0000000110b0a5bc [0x0000000110b0a540+0x7c]
j  com.sun.glass.ui.InvokeLaterDispatcher.run()V+82
v  ~StubRoutines::call_stub

---------------  P R O C E S S  ---------------

Java Threads: ( => current thread )
  0x00007fc558944800 JavaThread "Prism Font Disposer" daemon [_thread_blocked, id=80443, stack(0x0000700004028000,0x0000700004128000)]
  0x00007fc5579db800 JavaThread "JavaFX-Launcher" [_thread_blocked, id=50951, stack(0x0000700003f25000,0x0000700004025000)]
  0x00007fc558901800 JavaThread "Thread-3" daemon [_thread_in_native, id=31503, stack(0x0000700003c96000,0x0000700003d16000)]
  0x00007fc5588d9000 JavaThread "JavaFX Application Thread" [_thread_in_native_trans, id=259, stack(0x00007ff7bc085000,0x00007ff7bc885000)]
=>0x00007fc5571c9800 JavaThread "Thread-1" daemon [_thread_in_native, id=24587, stack(0x0000700003b10000,0x0000700003c10000)]
  0x00007fc5590f0000 JavaThread "Attach Listener" daemon [_thread_blocked, id=41219, stack(0x0000700003a0d000,0x0000700003b0d000)]
  0x00007fc5579c0000 JavaThread "QuantumRenderer-0" daemon [_thread_blocked, id=14339, stack(0x000070000390a000,0x0000700003a0a000)]
  0x00007fc5570cf000 JavaThread "Service Thread" daemon [_thread_blocked, id=16387, stack(0x0000700003704000,0x0000700003804000)]
  0x00007fc558839800 JavaThread "C1 CompilerThread2" daemon [_thread_blocked, id=16643, stack(0x0000700003601000,0x0000700003701000)]
  0x00007fc55788b800 JavaThread "C2 CompilerThread1" daemon [_thread_in_vm, id=16899, stack(0x00007000034fe000,0x00007000035fe000)]
  0x00007fc55788a800 JavaThread "C2 CompilerThread0" daemon [_thread_blocked, id=13059, stack(0x00007000033fb000,0x00007000034fb000)]
  0x00007fc558838800 JavaThread "Monitor Ctrl-Break" daemon [_thread_in_native, id=12547, stack(0x00007000032f8000,0x00007000033f8000)]
  0x00007fc557835000 JavaThread "Signal Dispatcher" daemon [_thread_blocked, id=12035, stack(0x00007000031f5000,0x00007000032f5000)]
  0x00007fc55902e000 JavaThread "Finalizer" daemon [_thread_blocked, id=19715, stack(0x0000700002fec000,0x00007000030ec000)]
  0x00007fc559027800 JavaThread "Reference Handler" daemon [_thread_blocked, id=20227, stack(0x0000700002ee9000,0x0000700002fe9000)]
  0x00007fc55880c000 JavaThread "main" [_thread_blocked, id=10499, stack(0x00007000028d7000,0x00007000029d7000)]

Other Threads:
  0x00007fc55701c800 VMThread [stack: 0x0000700002de6000,0x0000700002ee6000] [id=20483]
  0x00007fc557029000 WatcherThread [stack: 0x0000700003807000,0x0000700003907000] [id=13827]

VM state:not at safepoint (normal execution)

VM Mutex/Monitor currently owned by a thread: None

heap address: 0x0000000740000000, size: 2048 MB, Compressed Oops mode: Zero based, Oop shift amount: 3
Narrow klass base: 0x0000000000000000, Narrow klass shift: 3
Compressed class space size: 1073741824 Address: 0x00000007c0000000

Heap:
 PSYoungGen      total 71680K, used 47530K [0x0000000795580000, 0x00000007a2d00000, 0x00000007c0000000)
  eden space 66560K, 71% used [0x0000000795580000,0x00000007983eab28,0x0000000799680000)
  from space 5120K, 0% used [0x0000000799680000,0x0000000799680000,0x0000000799b80000)
  to   space 46080K, 0% used [0x00000007a0000000,0x00000007a0000000,0x00000007a2d00000)
 ParOldGen       total 237056K, used 132316K [0x0000000740000000, 0x000000074e780000, 0x0000000795580000)
  object space 237056K, 55% used [0x0000000740000000,0x00000007481370c8,0x000000074e780000)
 Metaspace       used 17930K, capacity 18718K, committed 18944K, reserved 1064960K
  class space    used 2507K, capacity 2706K, committed 2816K, reserved 1048576K

Card table byte_map: [0x0000000103c77000,0x0000000104078000] byte_map_base: 0x0000000100277000

Marking Bits: (ParMarkBitMap*) 0x0000000104827c18
 Begin Bits: [0x0000000104d9f000, 0x0000000106d9f000)
 End Bits:   [0x0000000106d9f000, 0x0000000108d9f000)

Polling page: 0x00000001037bd000

CodeCache: size=245760Kb used=8225Kb max_used=8237Kb free=237534Kb
 bounds [0x00000001104b9000, 0x0000000110cd9000, 0x000000011f4b9000]
 total_blobs=3262 nmethods=2629 adapters=546
 compilation: enabled

Compilation events (10 events):
Event: 29.051 Thread 0x00007fc55788a800 2632       4       java.util.WeakHashMap$EntryIterator::next (5 bytes)
Event: 29.053 Thread 0x00007fc55788a800 nmethod 2632 0x0000000110cc4890 code [0x0000000110cc49e0, 0x0000000110cc4ad8]
Event: 29.174 Thread 0x00007fc55788b800 2633       4       com.sun.prism.impl.BaseTexture::unlock (8 bytes)
Event: 29.176 Thread 0x00007fc55788b800 nmethod 2633 0x0000000110cc45d0 code [0x0000000110cc4720, 0x0000000110cc47b8]
Event: 29.202 Thread 0x00007fc55788a800 2634   !   4       javafx.scene.Node::impl_pickNode (130 bytes)
Event: 29.215 Thread 0x00007fc55788a800 nmethod 2634 0x0000000110cc5690 code [0x0000000110cc5840, 0x0000000110cc5d68]
Event: 29.287 Thread 0x00007fc55788b800 2635       4       com.sun.prism.impl.BaseTexture::lock (9 bytes)
Event: 29.288 Thread 0x00007fc55788b800 nmethod 2635 0x0000000110cc6690 code [0x0000000110cc67e0, 0x0000000110cc6858]
Event: 29.402 Thread 0x00007fc55788a800 2636       4       java.util.WeakHashMap::size (18 bytes)
Event: 29.403 Thread 0x00007fc55788a800 nmethod 2636 0x0000000110cc6410 code [0x0000000110cc6560, 0x0000000110cc65e8]

GC Heap History (10 events):
Event: 3.747 GC heap before
{Heap before GC invocations=3 (full 0):
 PSYoungGen      total 38400K, used 37615K [0x0000000795580000, 0x000000079a080000, 0x00000007c0000000)
  eden space 33280K, 97% used [0x0000000795580000,0x000000079753c450,0x0000000797600000)
  from space 5120K, 99% used [0x0000000797b00000,0x0000000797fffa00,0x0000000798000000)
  to   space 5120K, 0% used [0x0000000797600000,0x0000000797600000,0x0000000797b00000)
 ParOldGen       total 87552K, used 25427K [0x0000000740000000, 0x0000000745580000, 0x0000000795580000)
  object space 87552K, 29% used [0x0000000740000000,0x00000007418d4d70,0x0000000745580000)
 Metaspace       used 12291K, capacity 12702K, committed 12800K, reserved 1060864K
  class space    used 1629K, capacity 1726K, committed 1792K, reserved 1048576K
Event: 3.769 GC heap after
Heap after GC invocations=3 (full 0):
 PSYoungGen      total 38400K, used 5118K [0x0000000795580000, 0x000000079a080000, 0x00000007c0000000)
  eden space 33280K, 0% used [0x0000000795580000,0x0000000795580000,0x0000000797600000)
  from space 5120K, 99% used [0x0000000797600000,0x0000000797affbb8,0x0000000797b00000)
  to   space 5120K, 0% used [0x0000000799b80000,0x0000000799b80000,0x000000079a080000)
 ParOldGen       total 87552K, used 50826K [0x0000000740000000, 0x0000000745580000, 0x0000000795580000)
  object space 87552K, 58% used [0x0000000740000000,0x00000007431a2990,0x0000000745580000)
 Metaspace       used 12291K, capacity 12702K, committed 12800K, reserved 1060864K
  class space    used 1629K, capacity 1726K, committed 1792K, reserved 1048576K
}
Event: 3.868 GC heap before
{Heap before GC invocations=4 (full 0):
 PSYoungGen      total 38400K, used 37879K [0x0000000795580000, 0x000000079a080000, 0x00000007c0000000)
  eden space 33280K, 98% used [0x0000000795580000,0x000000079757e388,0x0000000797600000)
  from space 5120K, 99% used [0x0000000797600000,0x0000000797affbb8,0x0000000797b00000)
  to   space 5120K, 0% used [0x0000000799b80000,0x0000000799b80000,0x000000079a080000)
 ParOldGen       total 87552K, used 50826K [0x0000000740000000, 0x0000000745580000, 0x0000000795580000)
  object space 87552K, 58% used [0x0000000740000000,0x00000007431a2990,0x0000000745580000)
 Metaspace       used 12291K, capacity 12702K, committed 12800K, reserved 1060864K
  class space    used 1629K, capacity 1726K, committed 1792K, reserved 1048576K
Event: 3.909 GC heap after
Heap after GC invocations=4 (full 0):
 PSYoungGen      total 71680K, used 5103K [0x0000000795580000, 0x000000079a080000, 0x00000007c0000000)
  eden space 66560K, 0% used [0x0000000795580000,0x0000000795580000,0x0000000799680000)
  from space 5120K, 99% used [0x0000000799b80000,0x000000079a07bf50,0x000000079a080000)
  to   space 5120K, 0% used [0x0000000799680000,0x0000000799680000,0x0000000799b80000)
 ParOldGen       total 87552K, used 77234K [0x0000000740000000, 0x0000000745580000, 0x0000000795580000)
  object space 87552K, 88% used [0x0000000740000000,0x0000000744b6c800,0x0000000745580000)
 Metaspace       used 12291K, capacity 12702K, committed 12800K, reserved 1060864K
  class space    used 1629K, capacity 1726K, committed 1792K, reserved 1048576K
}
Event: 3.909 GC heap before
{Heap before GC invocations=5 (full 1):
 PSYoungGen      total 71680K, used 5103K [0x0000000795580000, 0x000000079a080000, 0x00000007c0000000)
  eden space 66560K, 0% used [0x0000000795580000,0x0000000795580000,0x0000000799680000)
  from space 5120K, 99% used [0x0000000799b80000,0x000000079a07bf50,0x000000079a080000)
  to   space 5120K, 0% used [0x0000000799680000,0x0000000799680000,0x0000000799b80000)
 ParOldGen       total 87552K, used 77234K [0x0000000740000000, 0x0000000745580000, 0x0000000795580000)
  object space 87552K, 88% used [0x0000000740000000,0x0000000744b6c800,0x0000000745580000)
 Metaspace       used 12291K, capacity 12702K, committed 12800K, reserved 1060864K
  class space    used 1629K, capacity 1726K, committed 1792K, reserved 1048576K
Event: 3.968 GC heap after
Heap after GC invocations=5 (full 1):
 PSYoungGen      total 71680K, used 0K [0x0000000795580000, 0x000000079a080000, 0x00000007c0000000)
  eden space 66560K, 0% used [0x0000000795580000,0x0000000795580000,0x0000000799680000)
  from space 5120K, 0% used [0x0000000799b80000,0x0000000799b80000,0x000000079a080000)
  to   space 5120K, 0% used [0x0000000799680000,0x0000000799680000,0x0000000799b80000)
 ParOldGen       total 155136K, used 79570K [0x0000000740000000, 0x0000000749780000, 0x0000000795580000)
  object space 155136K, 51% used [0x0000000740000000,0x0000000744db48b0,0x0000000749780000)
 Metaspace       used 12291K, capacity 12702K, committed 12800K, reserved 1060864K
  class space    used 1629K, capacity 1726K, committed 1792K, reserved 1048576K
}
Event: 4.131 GC heap before
{Heap before GC invocations=6 (full 1):
 PSYoungGen      total 71680K, used 66560K [0x0000000795580000, 0x000000079a080000, 0x00000007c0000000)
  eden space 66560K, 100% used [0x0000000795580000,0x0000000799680000,0x0000000799680000)
  from space 5120K, 0% used [0x0000000799b80000,0x0000000799b80000,0x000000079a080000)
  to   space 5120K, 0% used [0x0000000799680000,0x0000000799680000,0x0000000799b80000)
 ParOldGen       total 155136K, used 79570K [0x0000000740000000, 0x0000000749780000, 0x0000000795580000)
  object space 155136K, 51% used [0x0000000740000000,0x0000000744db48b0,0x0000000749780000)
 Metaspace       used 12291K, capacity 12702K, committed 12800K, reserved 1060864K
  class space    used 1629K, capacity 1726K, committed 1792K, reserved 1048576K
Event: 4.213 GC heap after
Heap after GC invocations=6 (full 1):
 PSYoungGen      total 71680K, used 4224K [0x0000000795580000, 0x00000007a2d00000, 0x00000007c0000000)
  eden space 66560K, 0% used [0x0000000795580000,0x0000000795580000,0x0000000799680000)
  from space 5120K, 82% used [0x0000000799680000,0x0000000799aa01a0,0x0000000799b80000)
  to   space 46080K, 0% used [0x00000007a0000000,0x00000007a0000000,0x00000007a2d00000)
 ParOldGen       total 155136K, used 128399K [0x0000000740000000, 0x0000000749780000, 0x0000000795580000)
  object space 155136K, 82% used [0x0000000740000000,0x0000000747d63c50,0x0000000749780000)
 Metaspace       used 12291K, capacity 12702K, committed 12800K, reserved 1060864K
  class space    used 1629K, capacity 1726K, committed 1792K, reserved 1048576K
}
Event: 4.213 GC heap before
{Heap before GC invocations=7 (full 2):
 PSYoungGen      total 71680K, used 4224K [0x0000000795580000, 0x00000007a2d00000, 0x00000007c0000000)
  eden space 66560K, 0% used [0x0000000795580000,0x0000000795580000,0x0000000799680000)
  from space 5120K, 82% used [0x0000000799680000,0x0000000799aa01a0,0x0000000799b80000)
  to   space 46080K, 0% used [0x00000007a0000000,0x00000007a0000000,0x00000007a2d00000)
 ParOldGen       total 155136K, used 128399K [0x0000000740000000, 0x0000000749780000, 0x0000000795580000)
  object space 155136K, 82% used [0x0000000740000000,0x0000000747d63c50,0x0000000749780000)
 Metaspace       used 12291K, capacity 12702K, committed 12800K, reserved 1060864K
  class space    used 1629K, capacity 1726K, committed 1792K, reserved 1048576K
Event: 4.273 GC heap after
Heap after GC invocations=7 (full 2):
 PSYoungGen      total 71680K, used 0K [0x0000000795580000, 0x00000007a2d00000, 0x00000007c0000000)
  eden space 66560K, 0% used [0x0000000795580000,0x0000000795580000,0x0000000799680000)
  from space 5120K, 0% used [0x0000000799680000,0x0000000799680000,0x0000000799b80000)
  to   space 46080K, 0% used [0x00000007a0000000,0x00000007a0000000,0x00000007a2d00000)
 ParOldGen       total 237056K, used 132316K [0x0000000740000000, 0x000000074e780000, 0x0000000795580000)
  object space 237056K, 55% used [0x0000000740000000,0x00000007481370c8,0x000000074e780000)
 Metaspace       used 12291K, capacity 12702K, committed 12800K, reserved 1060864K
  class space    used 1629K, capacity 1726K, committed 1792K, reserved 1048576K
}

Deoptimization events (10 events):
Event: 5.109 Thread 0x00007fc5588d9000 Uncommon trap: reason=class_check action=maybe_recompile pc=0x000000011075a0c0 method=java.io.DataInputStream.readShort()S @ 4
Event: 5.109 Thread 0x00007fc5588d9000 Uncommon trap: reason=class_check action=maybe_recompile pc=0x000000011075a0c0 method=java.io.DataInputStream.readShort()S @ 4
Event: 5.114 Thread 0x00007fc5588d9000 Uncommon trap: reason=class_check action=maybe_recompile pc=0x00000001105d1218 method=java.lang.String.equals(Ljava/lang/Object;)Z @ 8
Event: 5.114 Thread 0x00007fc5588d9000 Uncommon trap: reason=class_check action=maybe_recompile pc=0x00000001105d1218 method=java.lang.String.equals(Ljava/lang/Object;)Z @ 8
Event: 5.114 Thread 0x00007fc5588d9000 Uncommon trap: reason=class_check action=maybe_recompile pc=0x00000001105d1218 method=java.lang.String.equals(Ljava/lang/Object;)Z @ 8
Event: 5.115 Thread 0x00007fc5588d9000 Uncommon trap: reason=class_check action=maybe_recompile pc=0x00000001105d1218 method=java.lang.String.equals(Ljava/lang/Object;)Z @ 8
Event: 5.702 Thread 0x00007fc5588d9000 Uncommon trap: reason=unstable_if action=reinterpret pc=0x00000001107b490c method=java.util.HashMap.putVal(ILjava/lang/Object;Ljava/lang/Object;ZZ)Ljava/lang/Object; @ 193
Event: 5.902 Thread 0x00007fc5588d9000 Uncommon trap: reason=unstable_if action=reinterpret pc=0x000000011080e25c method=java.lang.Math.round(D)J @ 48
Event: 6.008 Thread 0x00007fc5588d9000 Uncommon trap: reason=unstable_if action=reinterpret pc=0x00000001108807cc method=jdk.internal.org.objectweb.asm.Type.getArgumentsAndReturnSizes(Ljava/lang/String;)I @ 47
Event: 6.186 Thread 0x00007fc5579c0000 Uncommon trap: reason=unstable_if action=reinterpret pc=0x0000000110742780 method=sun.net.www.ParseUtil.encodePath(Ljava/lang/String;Z)Ljava/lang/String; @ 109

Classes redefined (0 events):
No events

Internal exceptions (10 events):
Event: 0.588 Thread 0x00007fc55880c000 Exception <a 'java/lang/NoSuchFieldError': method resolution failed> (0x00000007959cdb88) thrown at [/Users/ec2-user/workspace/Corretto8/macos/x64/build/Corretto8Src/installers/mac/tar/corretto-build/buildRoot/src/hotspot/src/share/vm/prims/methodHandles.
Event: 0.666 Thread 0x00007fc55880c000 Exception <a 'java/security/PrivilegedActionException'> (0x0000000795a7db60) thrown at [/Users/ec2-user/workspace/Corretto8/macos/x64/build/Corretto8Src/installers/mac/tar/corretto-build/buildRoot/src/hotspot/src/share/vm/prims/jvm.cpp, line 1523]
Event: 0.666 Thread 0x00007fc55880c000 Exception <a 'java/security/PrivilegedActionException'> (0x0000000795a7dd70) thrown at [/Users/ec2-user/workspace/Corretto8/macos/x64/build/Corretto8Src/installers/mac/tar/corretto-build/buildRoot/src/hotspot/src/share/vm/prims/jvm.cpp, line 1523]
Event: 0.666 Thread 0x00007fc55880c000 Exception <a 'java/security/PrivilegedActionException'> (0x0000000795a81878) thrown at [/Users/ec2-user/workspace/Corretto8/macos/x64/build/Corretto8Src/installers/mac/tar/corretto-build/buildRoot/src/hotspot/src/share/vm/prims/jvm.cpp, line 1523]
Event: 0.666 Thread 0x00007fc55880c000 Exception <a 'java/security/PrivilegedActionException'> (0x0000000795a81a88) thrown at [/Users/ec2-user/workspace/Corretto8/macos/x64/build/Corretto8Src/installers/mac/tar/corretto-build/buildRoot/src/hotspot/src/share/vm/prims/jvm.cpp, line 1523]
Event: 0.667 Thread 0x00007fc55880c000 Exception <a 'java/lang/NullPointerException'> (0x0000000795a82498) thrown at [/Users/ec2-user/workspace/Corretto8/macos/x64/build/Corretto8Src/installers/mac/tar/corretto-build/buildRoot/src/hotspot/src/share/vm/interpreter/linkResolver.cpp, line 1185]
Event: 2.089 Thread 0x00007fc5588d9000 Exception <a 'java/lang/NullPointerException'> (0x0000000796c001d8) thrown at [/Users/ec2-user/workspace/Corretto8/macos/x64/build/Corretto8Src/installers/mac/tar/corretto-build/buildRoot/src/hotspot/src/share/vm/interpreter/linkResolver.cpp, line 1185]
Event: 2.089 Thread 0x00007fc5588d9000 Exception <a 'java/lang/NullPointerException'> (0x0000000796c001d8) thrown at [/Users/ec2-user/workspace/Corretto8/macos/x64/build/Corretto8Src/installers/mac/tar/corretto-build/buildRoot/src/hotspot/src/share/vm/prims/jvm.cpp, line 1527]
Event: 4.938 Thread 0x00007fc5588d9000 Implicit null exception at 0x0000000110764735 to 0x000000011076493d
Event: 4.938 Thread 0x00007fc5588d9000 Implicit null exception at 0x00000001107b8518 to 0x00000001107b85a6

Events (10 events):
Event: 21.667 Thread 0x00007fc558839800 flushing nmethod 0x00000001105bf110
Event: 21.667 Thread 0x00007fc558839800 flushing nmethod 0x00000001105ca850
Event: 21.667 Thread 0x00007fc558839800 flushing nmethod 0x00000001105d4410
Event: 21.667 Thread 0x00007fc558839800 flushing nmethod 0x00000001105d7310
Event: 21.667 Thread 0x00007fc558839800 flushing nmethod 0x00000001105e06d0
Event: 21.667 Thread 0x00007fc558839800 flushing nmethod 0x00000001105e1cd0
Event: 28.288 Thread 0x00007fc5579c0000 DEOPT PACKING pc=0x0000000110a9154b sp=0x0000700003a094a0
Event: 28.288 Thread 0x00007fc5579c0000 DEOPT UNPACKING pc=0x00000001105004c4 sp=0x0000700003a09220 mode 0
Event: 28.418 loading class java/util/WeakHashMap$1
Event: 28.418 loading class java/util/WeakHashMap$1 done


Dynamic libraries:
0x00007ff81cf1e000 	/System/Library/Frameworks/Cocoa.framework/Versions/A/Cocoa
0x00007ff8088a1000 	/System/Library/Frameworks/AppKit.framework/Versions/C/AppKit
0x00007ff80bd97000 	/System/Library/Frameworks/CoreData.framework/Versions/A/CoreData
0x00007ff806cb9000 	/System/Library/Frameworks/Foundation.framework/Versions/C/Foundation
0x00007ff810c0a000 	/usr/lib/libSystem.B.dylib
0x00007ff809730000 	/System/Library/PrivateFrameworks/UIFoundation.framework/Versions/A/UIFoundation
0x00007ff816ece000 	/System/Library/PrivateFrameworks/RemoteViewServices.framework/Versions/A/RemoteViewServices
0x00007ff80ee70000 	/System/Library/PrivateFrameworks/XCTTargetBootstrap.framework/Versions/A/XCTTargetBootstrap
0x00007ff812aa0000 	/System/Library/PrivateFrameworks/InternationalSupport.framework/Versions/A/InternationalSupport
0x00007ff812b2a000 	/System/Library/PrivateFrameworks/UserActivity.framework/Versions/A/UserActivity
0x00007ff811e21000 	/usr/lib/libspindump.dylib
0x00007ff8099be000 	/System/Library/Frameworks/UniformTypeIdentifiers.framework/Versions/A/UniformTypeIdentifiers
0x00007ff80d4fa000 	/usr/lib/libapp_launch_measurement.dylib
0x00007ff80c763000 	/System/Library/PrivateFrameworks/CoreAnalytics.framework/Versions/A/CoreAnalytics
0x00007ff80d4fd000 	/System/Library/PrivateFrameworks/CoreAutoLayout.framework/Versions/A/CoreAutoLayout
0x00007ff80e71d000 	/System/Library/Frameworks/Metal.framework/Versions/A/Metal
0x00007ff80f4e6000 	/usr/lib/liblangid.dylib
0x00007ff80ee74000 	/System/Library/PrivateFrameworks/CoreSVG.framework/Versions/A/CoreSVG
0x00007ff80ad85000 	/System/Library/PrivateFrameworks/SkyLight.framework/Versions/A/SkyLight
0x00007ff80b118000 	/System/Library/Frameworks/CoreGraphics.framework/Versions/A/CoreGraphics
0x00007ff81753c000 	/System/Library/Frameworks/Accelerate.framework/Versions/A/Accelerate
0x00007ff811875000 	/System/Library/PrivateFrameworks/IconServices.framework/Versions/A/IconServices
0x00007ff80e702000 	/System/Library/Frameworks/IOSurface.framework/Versions/A/IOSurface
0x00007ff80c791000 	/usr/lib/libDiagnosticMessagesClient.dylib
0x00007ff810b2a000 	/usr/lib/libz.1.dylib
0x00007ff81abad000 	/System/Library/Frameworks/ApplicationServices.framework/Versions/A/ApplicationServices
0x00007ff80ee5c000 	/System/Library/PrivateFrameworks/DFRFoundation.framework/Versions/A/DFRFoundation
0x00007ff808192000 	/usr/lib/libicucore.A.dylib
0x00007ff813b8c000 	/System/Library/Frameworks/AudioToolbox.framework/Versions/A/AudioToolbox
0x00007ff812aac000 	/System/Library/PrivateFrameworks/DataDetectorsCore.framework/Versions/A/DataDetectorsCore
0x00007ff90e763000 	/System/Library/PrivateFrameworks/TextInput.framework/Versions/A/TextInput
0x00007ff80ad09000 	/usr/lib/libMobileGestalt.dylib
0x00007ff80eb64000 	/System/Library/Frameworks/Carbon.framework/Versions/A/Frameworks/HIToolbox.framework/Versions/A/HIToolbox
0x00007ff80cf27000 	/System/Library/Frameworks/QuartzCore.framework/Versions/A/QuartzCore
0x00007ff807e32000 	/System/Library/Frameworks/Security.framework/Versions/A/Security
0x00007ff816f06000 	/System/Library/Frameworks/Carbon.framework/Versions/A/Frameworks/SpeechRecognition.framework/Versions/A/SpeechRecognition
0x00007ff80d25a000 	/System/Library/PrivateFrameworks/CoreUI.framework/Versions/A/CoreUI
0x00007ff80770a000 	/System/Library/Frameworks/CoreAudio.framework/Versions/A/CoreAudio
0x00007ff80c87f000 	/System/Library/Frameworks/DiskArbitration.framework/Versions/A/DiskArbitration
0x00007ff812208000 	/System/Library/PrivateFrameworks/MultitouchSupport.framework/Versions/A/MultitouchSupport
0x00007ff80ad08000 	/usr/lib/libenergytrace.dylib
0x00007ff80878d000 	/System/Library/Frameworks/IOKit.framework/Versions/A/IOKit
0x00007ff8172f1000 	/System/Library/Frameworks/CoreServices.framework/Versions/A/CoreServices
0x00007ff80d494000 	/System/Library/PrivateFrameworks/PerformanceAnalysis.framework/Versions/A/PerformanceAnalysis
0x00007ffa1e1f2000 	/System/Library/Frameworks/OpenGL.framework/Versions/A/OpenGL
0x00007ff81015b000 	/System/Library/PrivateFrameworks/MobileKeyBag.framework/Versions/A/MobileKeyBag
0x00007ff805c7a000 	/usr/lib/libobjc.A.dylib
0x00007ff80b7e4000 	/System/Library/Frameworks/ColorSync.framework/Versions/A/ColorSync
0x00007ff805e33000 	/System/Library/Frameworks/CoreFoundation.framework/Versions/A/CoreFoundation
0x00007ff80f0ed000 	/System/Library/Frameworks/CoreImage.framework/Versions/A/CoreImage
0x00007ff807520000 	/System/Library/Frameworks/CoreText.framework/Versions/A/CoreText
0x00007ff80eea3000 	/System/Library/Frameworks/ImageIO.framework/Versions/A/ImageIO
0x00007ff810c10000 	/System/Library/PrivateFrameworks/SoftLinking.framework/Versions/A/SoftLinking
0x00007ff80d545000 	/usr/lib/libxml2.2.dylib
0x00007ff805d40000 	/usr/lib/libc++.1.dylib
0x00007ff810e94000 	/usr/lib/libcompression.dylib
0x00007ff8129d6000 	/System/Library/PrivateFrameworks/TextureIO.framework/Versions/A/TextureIO
0x00007ff811587000 	/usr/lib/libate.dylib
0x00007ff810c05000 	/usr/lib/system/libcache.dylib
0x00007ff810bc1000 	/usr/lib/system/libcommonCrypto.dylib
0x00007ff810bea000 	/usr/lib/system/libcompiler_rt.dylib
0x00007ff810be0000 	/usr/lib/system/libcopyfile.dylib
0x00007ff805b74000 	/usr/lib/system/libcorecrypto.dylib
0x00007ff805c33000 	/usr/lib/system/libdispatch.dylib
0x00007ff805df2000 	/usr/lib/system/libdyld.dylib
0x00007ff810bfc000 	/usr/lib/system/libkeymgr.dylib
0x00007ff810b9f000 	/usr/lib/system/libmacho.dylib
0x00007ff81022f000 	/usr/lib/system/libquarantine.dylib
0x00007ff810bfa000 	/usr/lib/system/libremovefile.dylib
0x00007ff80ad55000 	/usr/lib/system/libsystem_asl.dylib
0x00007ff805b22000 	/usr/lib/system/libsystem_blocks.dylib
0x00007ff805cb7000 	/usr/lib/system/libsystem_c.dylib
0x00007ff810bf2000 	/usr/lib/system/libsystem_collections.dylib
0x00007ff80f4d7000 	/usr/lib/system/libsystem_configuration.dylib
0x00007ff80e6e5000 	/usr/lib/system/libsystem_containermanager.dylib
0x00007ff8108dc000 	/usr/lib/system/libsystem_coreservices.dylib
0x00007ff80841b000 	/usr/lib/system/libsystem_darwin.dylib
0x00007ff810bfd000 	/usr/lib/system/libsystem_dnssd.dylib
0x00007ff805cb4000 	/usr/lib/system/libsystem_featureflags.dylib
0x00007ff805e08000 	/usr/lib/system/libsystem_info.dylib
0x00007ff810b3d000 	/usr/lib/system/libsystem_m.dylib
0x00007ff805c07000 	/usr/lib/system/libsystem_malloc.dylib
0x00007ff80acf2000 	/usr/lib/system/libsystem_networkextension.dylib
0x00007ff808843000 	/usr/lib/system/libsystem_notify.dylib
0x00007ff8171c7000 	/usr/lib/system/libsystem_product_info_filter.dylib
0x00007ff80f4db000 	/usr/lib/system/libsystem_sandbox.dylib
0x00007ff810bf7000 	/usr/lib/system/libsystem_secinit.dylib
0x00007ff805daf000 	/usr/lib/system/libsystem_kernel.dylib
0x00007ff805dfe000 	/usr/lib/system/libsystem_platform.dylib
0x00007ff805de6000 	/usr/lib/system/libsystem_pthread.dylib
0x00007ff80c5aa000 	/usr/lib/system/libsystem_symptoms.dylib
0x00007ff805b5b000 	/usr/lib/system/libsystem_trace.dylib
0x00007ff810bcd000 	/usr/lib/system/libunwind.dylib
0x00007ff805b24000 	/usr/lib/system/libxpc.dylib
0x00007ff805d99000 	/usr/lib/libc++abi.dylib
0x00007ff810bd8000 	/usr/lib/liboah.dylib
0x00007ff811365000 	/usr/lib/liblzma.5.dylib
0x00007ff8069ca000 	/System/Library/Frameworks/SystemConfiguration.framework/Versions/A/SystemConfiguration
0x00007ff810c0c000 	/usr/lib/libfakelink.dylib
0x00007ff80a85b000 	/System/Library/Frameworks/CFNetwork.framework/Versions/A/CFNetwork
0x00007ff810d4b000 	/usr/lib/libarchive.2.dylib
0x00007ff80f4e2000 	/System/Library/PrivateFrameworks/AppleSystemInfo.framework/Versions/A/AppleSystemInfo
0x00007ff810256000 	/usr/lib/libbsm.0.dylib
0x00007ff809e91000 	/usr/lib/libnetwork.dylib
0x00007ff810ba5000 	/usr/lib/system/libkxld.dylib
0x00007ff80fe84000 	/System/Library/PrivateFrameworks/IOMobileFramebuffer.framework/Versions/A/IOMobileFramebuffer
0x00007ffb1bf70000 	/usr/lib/libCoreEntitlements.dylib
0x00007ff8108be000 	/System/Library/PrivateFrameworks/AppleFSCompression.framework/Versions/A/AppleFSCompression
0x00007ff81023e000 	/usr/lib/libcoretls.dylib
0x00007ff81137f000 	/usr/lib/libcoretls_cfhelpers.dylib
0x00007ff810e8f000 	/usr/lib/libpam.2.dylib
0x00007ff80c1cc000 	/usr/lib/libsqlite3.dylib
0x00007ff8113ee000 	/usr/lib/libxar.1.dylib
0x00007ff8108ce000 	/usr/lib/libbz2.1.0.dylib
0x00007ff810c11000 	/usr/lib/libpcap.A.dylib
0x00007ff80c5a1000 	/usr/lib/libdns_services.dylib
0x00007ff810e5e000 	/usr/lib/libapple_nghttp2.dylib
0x00007ff810c48000 	/usr/lib/libiconv.2.dylib
0x00007ff810b9e000 	/usr/lib/libcharset.1.dylib
0x00007ff80d4c8000 	/System/Library/Frameworks/CoreServices.framework/Versions/A/Frameworks/FSEvents.framework/Versions/A/FSEvents
0x00007ff808425000 	/System/Library/Frameworks/CoreServices.framework/Versions/A/Frameworks/CarbonCore.framework/Versions/A/CarbonCore
0x00007ff80c7e4000 	/System/Library/Frameworks/CoreServices.framework/Versions/A/Frameworks/Metadata.framework/Versions/A/Metadata
0x00007ff8108e1000 	/System/Library/Frameworks/CoreServices.framework/Versions/A/Frameworks/OSServices.framework/Versions/A/OSServices
0x00007ff810dd2000 	/System/Library/Frameworks/CoreServices.framework/Versions/A/Frameworks/SearchKit.framework/Versions/A/SearchKit
0x00007ff80c533000 	/System/Library/Frameworks/CoreServices.framework/Versions/A/Frameworks/AE.framework/Versions/A/AE
0x00007ff806336000 	/System/Library/Frameworks/CoreServices.framework/Versions/A/Frameworks/LaunchServices.framework/Versions/A/LaunchServices
0x00007ff811316000 	/System/Library/Frameworks/CoreServices.framework/Versions/A/Frameworks/DictionaryServices.framework/Versions/A/DictionaryServices
0x00007ff80d4d5000 	/System/Library/Frameworks/CoreServices.framework/Versions/A/Frameworks/SharedFileList.framework/Versions/A/SharedFileList
0x00007ff810232000 	/usr/lib/libCheckFix.dylib
0x00007ff80ad6c000 	/System/Library/PrivateFrameworks/TCC.framework/Versions/A/TCC
0x00007ff80f4e8000 	/System/Library/PrivateFrameworks/CoreNLP.framework/Versions/A/CoreNLP
0x00007ff80c794000 	/System/Library/PrivateFrameworks/MetadataUtilities.framework/Versions/A/MetadataUtilities
0x00007ff806a7a000 	/usr/lib/libmecabra.dylib
0x00007ff810266000 	/usr/lib/libmecab.dylib
0x00007ff806a45000 	/usr/lib/libCRFSuite.dylib
0x00007ff8102c3000 	/usr/lib/libgermantok.dylib
0x00007ff810e39000 	/usr/lib/libThaiTokenizer.dylib
0x00007ff80c886000 	/System/Library/Frameworks/Accelerate.framework/Versions/A/Frameworks/vImage.framework/Versions/A/vImage
0x00007ff8172c8000 	/System/Library/Frameworks/Accelerate.framework/Versions/A/Frameworks/vecLib.framework/Versions/A/vecLib
0x00007ff81142f000 	/System/Library/Frameworks/Accelerate.framework/Versions/A/Frameworks/vecLib.framework/Versions/A/libvMisc.dylib
0x00007ff80fca2000 	/System/Library/Frameworks/Accelerate.framework/Versions/A/Frameworks/vecLib.framework/Versions/A/libvDSP.dylib
0x00007ff8066ae000 	/System/Library/Frameworks/Accelerate.framework/Versions/A/Frameworks/vecLib.framework/Versions/A/libBLAS.dylib
0x00007ff810f70000 	/System/Library/Frameworks/Accelerate.framework/Versions/A/Frameworks/vecLib.framework/Versions/A/libLAPACK.dylib
0x00007ff8102c6000 	/System/Library/Frameworks/Accelerate.framework/Versions/A/Frameworks/vecLib.framework/Versions/A/libLinearAlgebra.dylib
0x00007ff810e77000 	/System/Library/Frameworks/Accelerate.framework/Versions/A/Frameworks/vecLib.framework/Versions/A/libSparseBLAS.dylib
0x00007ff810f6a000 	/System/Library/Frameworks/Accelerate.framework/Versions/A/Frameworks/vecLib.framework/Versions/A/libQuadrature.dylib
0x00007ff80f5d2000 	/System/Library/Frameworks/Accelerate.framework/Versions/A/Frameworks/vecLib.framework/Versions/A/libBNNS.dylib
0x00007ff80695b000 	/System/Library/Frameworks/Accelerate.framework/Versions/A/Frameworks/vecLib.framework/Versions/A/libSparse.dylib
0x00007ff80f5cb000 	/System/Library/PrivateFrameworks/LinguisticData.framework/Versions/A/LinguisticData
0x00007ff806910000 	/System/Library/PrivateFrameworks/Lexicon.framework/Versions/A/Lexicon
0x00007ff811428000 	/usr/lib/libChineseTokenizer.dylib
0x00007ff807074000 	/System/Library/PrivateFrameworks/LanguageModeling.framework/Versions/A/LanguageModeling
0x00007ff810e3b000 	/System/Library/PrivateFrameworks/AppleSauce.framework/Versions/A/AppleSauce
0x00007ff80fe72000 	/System/Library/PrivateFrameworks/CoreEmoji.framework/Versions/A/CoreEmoji
0x00007ff810d3a000 	/usr/lib/libcmph.dylib
0x00007ff80d4ac000 	/System/Library/Frameworks/OpenDirectory.framework/Versions/A/Frameworks/CFOpenDirectory.framework/Versions/A/CFOpenDirectory
0x00007ff80d4a0000 	/System/Library/Frameworks/OpenDirectory.framework/Versions/A/OpenDirectory
0x00007ff811381000 	/System/Library/PrivateFrameworks/APFS.framework/Versions/A/APFS
0x00007ff810193000 	/System/Library/Frameworks/SecurityFoundation.framework/Versions/A/SecurityFoundation
0x00007ff8113fc000 	/usr/lib/libutil.dylib
0x00007ff808750000 	/System/Library/PrivateFrameworks/CoreServicesStore.framework/Versions/A/CoreServicesStore
0x00007ff811400000 	/usr/lib/libxslt.1.dylib
0x00007ff810220000 	/System/Library/PrivateFrameworks/BackgroundTaskManagement.framework/Versions/A/BackgroundTaskManagement
0x00007ff8128f6000 	/System/Library/Frameworks/ImageIO.framework/Versions/A/Resources/libRadiance.dylib
0x00007ff8128ff000 	/System/Library/Frameworks/ImageIO.framework/Versions/A/Resources/libJPEG.dylib
0x00007ff81284f000 	/System/Library/Frameworks/ImageIO.framework/Versions/A/Resources/libPng.dylib
0x00007ff812870000 	/System/Library/Frameworks/ImageIO.framework/Versions/A/Resources/libTIFF.dylib
0x00007ff81295f000 	/System/Library/Frameworks/ImageIO.framework/Versions/A/Resources/libGIF.dylib
0x00007ff812121000 	/System/Library/Frameworks/ImageIO.framework/Versions/A/Resources/libJP2.dylib
0x00007ff81183c000 	/usr/lib/libexpat.1.dylib
0x00007ff8120d6000 	/System/Library/PrivateFrameworks/AppleJPEG.framework/Versions/A/AppleJPEG
0x00007ff80ea2b000 	/System/Library/PrivateFrameworks/FontServices.framework/libFontParser.dylib
0x00007ff80c4dd000 	/System/Library/PrivateFrameworks/RunningBoardServices.framework/Versions/A/RunningBoardServices
0x00007ff81d498000 	/System/Library/PrivateFrameworks/IOSurfaceAccelerator.framework/Versions/A/IOSurfaceAccelerator
0x00007ff812204000 	/System/Library/PrivateFrameworks/WatchdogClient.framework/Versions/A/WatchdogClient
0x00007ff807163000 	/System/Library/Frameworks/CoreDisplay.framework/Versions/A/CoreDisplay
0x00007ff80e877000 	/System/Library/Frameworks/CoreMedia.framework/Versions/A/CoreMedia
0x00007ff80e714000 	/System/Library/PrivateFrameworks/IOAccelerator.framework/Versions/A/IOAccelerator
0x00007ff80d628000 	/System/Library/Frameworks/CoreVideo.framework/Versions/A/CoreVideo
0x00007ff810e8d000 	/System/Library/Frameworks/MetalPerformanceShaders.framework/Versions/A/MetalPerformanceShaders
0x00007ff81223f000 	/System/Library/Frameworks/VideoToolbox.framework/Versions/A/VideoToolbox
0x00007ff80c425000 	/System/Library/PrivateFrameworks/BaseBoard.framework/Versions/A/BaseBoard
0x00007ff80c1b2000 	/System/Library/PrivateFrameworks/ProtocolBuffer.framework/Versions/A/ProtocolBuffer
0x00007ff8128ef000 	/System/Library/PrivateFrameworks/GPUWrangler.framework/Versions/A/GPUWrangler
0x00007ff8128d2000 	/System/Library/PrivateFrameworks/IOPresentment.framework/Versions/A/IOPresentment
0x00007ff8128f9000 	/System/Library/PrivateFrameworks/DSExternalDisplay.framework/Versions/A/DSExternalDisplay
0x00007ffa1e1e6000 	/System/Library/Frameworks/OpenGL.framework/Versions/A/Libraries/libCoreFSCache.dylib
0x00007ffb0a0ca000 	/System/Library/PrivateFrameworks/GPUCompiler.framework/Versions/31001/Libraries/libGPUCompilerUtils.dylib
0x00007ff812964000 	/System/Library/PrivateFrameworks/CMCaptureCore.framework/Versions/A/CMCaptureCore
0x00007ff811e0f000 	/System/Library/PrivateFrameworks/AppServerSupport.framework/Versions/A/AppServerSupport
0x00007ff814411000 	/System/Library/PrivateFrameworks/perfdata.framework/Versions/A/perfdata
0x00007ff80728f000 	/System/Library/PrivateFrameworks/AudioToolboxCore.framework/Versions/A/AudioToolboxCore
0x00007ff80e854000 	/System/Library/PrivateFrameworks/caulk.framework/Versions/A/caulk
0x00007ff813d35000 	/usr/lib/libAudioStatistics.dylib
0x00007ff90aff2000 	/System/Library/PrivateFrameworks/SystemPolicy.framework/Versions/A/SystemPolicy
0x00007ff813f8a000 	/usr/lib/libSMC.dylib
0x00007ff81cdd1000 	/System/Library/Frameworks/CoreMIDI.framework/Versions/A/CoreMIDI
0x00007ff81281f000 	/usr/lib/libAudioToolboxUtility.dylib
0x00007ff9073b8000 	/System/Library/PrivateFrameworks/OSAServicesClient.framework/Versions/A/OSAServicesClient
0x00007ff81441e000 	/usr/lib/libperfcheck.dylib
0x00007ff90ba84000 	/usr/lib/libmis.dylib
0x00007ffa1e242000 	/System/Library/Frameworks/OpenGL.framework/Versions/A/Libraries/libGLU.dylib
0x00007ffa1e205000 	/System/Library/Frameworks/OpenGL.framework/Versions/A/Libraries/libGFXShared.dylib
0x00007ffa1e413000 	/System/Library/Frameworks/OpenGL.framework/Versions/A/Libraries/libGL.dylib
0x00007ffa1e20e000 	/System/Library/Frameworks/OpenGL.framework/Versions/A/Libraries/libGLImage.dylib
0x00007ffa1e202000 	/System/Library/Frameworks/OpenGL.framework/Versions/A/Libraries/libCVMSPluginSupport.dylib
0x00007ffa1e1ed000 	/System/Library/Frameworks/OpenGL.framework/Versions/A/Libraries/libCoreVMClient.dylib
0x00007ff80f466000 	/System/Library/Frameworks/MetalPerformanceShaders.framework/Versions/A/Frameworks/MPSCore.framework/Versions/A/MPSCore
0x00007ff810829000 	/System/Library/Frameworks/MetalPerformanceShaders.framework/Versions/A/Frameworks/MPSImage.framework/Versions/A/MPSImage
0x00007ff8102dc000 	/System/Library/Frameworks/MetalPerformanceShaders.framework/Versions/A/Frameworks/MPSNeuralNetwork.framework/Versions/A/MPSNeuralNetwork
0x00007ff810751000 	/System/Library/Frameworks/MetalPerformanceShaders.framework/Versions/A/Frameworks/MPSMatrix.framework/Versions/A/MPSMatrix
0x00007ff81050d000 	/System/Library/Frameworks/MetalPerformanceShaders.framework/Versions/A/Frameworks/MPSRayIntersector.framework/Versions/A/MPSRayIntersector
0x00007ff81078a000 	/System/Library/Frameworks/MetalPerformanceShaders.framework/Versions/A/Frameworks/MPSNDArray.framework/Versions/A/MPSNDArray
0x00007ffa22e04000 	/System/Library/Frameworks/MetalPerformanceShaders.framework/Versions/A/Frameworks/MPSFunctions.framework/Versions/A/MPSFunctions
0x00007ff806591000 	/System/Library/PrivateFrameworks/MetalTools.framework/Versions/A/MetalTools
0x00007ff80f4e0000 	/System/Library/PrivateFrameworks/AggregateDictionary.framework/Versions/A/AggregateDictionary
0x00007ff81161e000 	/usr/lib/libIOReport.dylib
0x00007ffa1f822000 	/System/Library/Frameworks/OpenCL.framework/Versions/A/OpenCL
0x00007ff8119a9000 	/System/Library/PrivateFrameworks/FaceCore.framework/Versions/A/FaceCore
0x00007ff81199a000 	/System/Library/PrivateFrameworks/GraphVisualizer.framework/Versions/A/GraphVisualizer
0x00007ffb09fd5000 	/System/Library/PrivateFrameworks/FontServices.framework/Versions/A/FontServices
0x00007ff811dc6000 	/System/Library/PrivateFrameworks/OTSVG.framework/Versions/A/OTSVG
0x00007ff80d210000 	/System/Library/Frameworks/ApplicationServices.framework/Versions/A/Frameworks/ATS.framework/Versions/A/Resources/libFontRegistry.dylib
0x00007ff811e17000 	/System/Library/PrivateFrameworks/FontServices.framework/libhvf.dylib
0x00007ffb09fd6000 	/System/Library/PrivateFrameworks/FontServices.framework/libXTFontStaticRegistryData.dylib
0x00007ff8117ec000 	/System/Library/PrivateFrameworks/AppleVA.framework/Versions/A/AppleVA
0x00007ff813d59000 	/System/Library/Frameworks/ApplicationServices.framework/Versions/A/Frameworks/ATS.framework/Versions/A/ATS
0x00007ff80b8e0000 	/System/Library/Frameworks/ApplicationServices.framework/Versions/A/Frameworks/HIServices.framework/Versions/A/HIServices
0x00007ff81296e000 	/System/Library/Frameworks/ApplicationServices.framework/Versions/A/Frameworks/PrintCore.framework/Versions/A/PrintCore
0x00007ff8140dd000 	/System/Library/Frameworks/ApplicationServices.framework/Versions/A/Frameworks/QD.framework/Versions/A/QD
0x00007ff8140d5000 	/System/Library/Frameworks/ApplicationServices.framework/Versions/A/Frameworks/ColorSyncLegacy.framework/Versions/A/ColorSyncLegacy
0x00007ff813d49000 	/System/Library/Frameworks/ApplicationServices.framework/Versions/A/Frameworks/SpeechSynthesis.framework/Versions/A/SpeechSynthesis
0x00007ff81292f000 	/System/Library/Frameworks/ApplicationServices.framework/Versions/A/Frameworks/ATSUI.framework/Versions/A/ATSUI
0x00007ff81406a000 	/usr/lib/libcups.2.dylib
0x00007ff81442d000 	/System/Library/Frameworks/Kerberos.framework/Versions/A/Kerberos
0x00007ff81443c000 	/System/Library/Frameworks/GSS.framework/Versions/A/GSS
0x00007ff813dc5000 	/usr/lib/libresolv.9.dylib
0x00007ff811e26000 	/System/Library/PrivateFrameworks/Heimdal.framework/Versions/A/Heimdal
0x00007ff81af28000 	/System/Library/Frameworks/Kerberos.framework/Versions/A/Libraries/libHeimdalProxy.dylib
0x00007ff80c5b2000 	/System/Library/Frameworks/Network.framework/Versions/A/Network
0x00007ff811856000 	/usr/lib/libheimdal-asn1.dylib
0x00007ff814488000 	/System/Library/PrivateFrameworks/CommonAuth.framework/Versions/A/CommonAuth
0x00007ff813cc6000 	/System/Library/PrivateFrameworks/AudioSession.framework/Versions/A/AudioSession
0x00007ff8118e6000 	/System/Library/PrivateFrameworks/MediaExperience.framework/Versions/A/MediaExperience
0x00007ff813b5b000 	/System/Library/PrivateFrameworks/AudioSession.framework/libSessionUtility.dylib
0x00007ff8140e9000 	/System/Library/PrivateFrameworks/AudioResourceArbitration.framework/Versions/A/AudioResourceArbitration
0x00007ff8180db000 	/System/Library/PrivateFrameworks/PowerLog.framework/Versions/A/PowerLog
0x00007ff81185f000 	/System/Library/PrivateFrameworks/IconFoundation.framework/Versions/A/IconFoundation
0x00007ff816ef6000 	/System/Library/PrivateFrameworks/SpeechRecognitionCore.framework/Versions/A/SpeechRecognitionCore
0x000000010413c000 	/Users/naoufalalaa/Library/Java/JavaVirtualMachines/corretto-1.8.0_312/Contents/Home/jre/lib/server/libjvm.dylib
0x00000001037d0000 	/Users/naoufalalaa/Library/Java/JavaVirtualMachines/corretto-1.8.0_312/Contents/Home/jre/lib/libverify.dylib
0x000000010381b000 	/Users/naoufalalaa/Library/Java/JavaVirtualMachines/corretto-1.8.0_312/Contents/Home/jre/lib/libjava.dylib
0x0000000103853000 	/Users/naoufalalaa/Library/Java/JavaVirtualMachines/corretto-1.8.0_312/Contents/Home/jre/lib/libinstrument.dylib
0x00000001037f7000 	/Users/naoufalalaa/Library/Java/JavaVirtualMachines/corretto-1.8.0_312/Contents/Home/jre/lib/libzip.dylib
0x000000010b8cd000 	/Users/naoufalalaa/Library/Java/JavaVirtualMachines/corretto-1.8.0_312/Contents/Home/jre/lib/libnio.dylib
0x000000010b904000 	/Users/naoufalalaa/Library/Java/JavaVirtualMachines/corretto-1.8.0_312/Contents/Home/jre/lib/libnet.dylib
0x000000010b924000 	/Users/naoufalalaa/Library/Java/JavaVirtualMachines/corretto-1.8.0_312/Contents/Home/jre/lib/libprism_es2.dylib
0x00007ff808711000 	/System/Library/PrivateFrameworks/CoreServicesInternal.framework/Versions/A/CoreServicesInternal
0x00007ffa1e41e000 	/System/Library/Frameworks/OpenGL.framework/Versions/A/Resources/GLEngine.bundle/GLEngine
0x00007ffa1e280000 	/System/Library/Frameworks/OpenGL.framework/Versions/A/Libraries/libGLProgrammability.dylib
0x00007ffa15f54000 	/System/Library/Extensions/AppleIntelBDWGraphicsGLDriver.bundle/Contents/MacOS/AppleIntelBDWGraphicsGLDriver
0x00007ff91594f000 	/System/Library/PrivateFrameworks/GPUSupport.framework/Versions/A/Libraries/libGPUSupportMercury.dylib
0x00007ffa1e5ad000 	/System/Library/Frameworks/OpenGL.framework/Versions/A/Resources/GLRendererFloat.bundle/GLRendererFloat
0x000000010bdfc000 	/Users/naoufalalaa/Library/Java/JavaVirtualMachines/corretto-1.8.0_312/Contents/Home/jre/lib/libglass.dylib
0x00007ff8186cc000 	/System/Library/Frameworks/FileProvider.framework/Versions/A/FileProvider
0x00007ff80c391000 	/System/Library/Frameworks/Accounts.framework/Versions/A/Accounts
0x00007ff818843000 	/System/Library/PrivateFrameworks/GenerationalStorage.framework/Versions/A/GenerationalStorage
0x00007ff819357000 	/System/Library/PrivateFrameworks/CoreSymbolication.framework/Versions/A/CoreSymbolication
0x00007ff8180d0000 	/System/Library/PrivateFrameworks/SymptomDiagnosticReporter.framework/Versions/A/SymptomDiagnosticReporter
0x00007ff8099d2000 	/System/Library/PrivateFrameworks/DesktopServicesPriv.framework/Versions/A/DesktopServicesPriv
0x00007ff808852000 	/usr/lib/libsandbox.1.dylib
0x00007ff80d6a7000 	/System/Library/PrivateFrameworks/UserManagement.framework/Versions/A/UserManagement
0x00007ff81931c000 	/System/Library/PrivateFrameworks/DebugSymbols.framework/Versions/A/DebugSymbols
0x00007ff8140ca000 	/System/Library/PrivateFrameworks/NetAuth.framework/Versions/A/NetAuth
0x00007ff814fba000 	/System/Library/PrivateFrameworks/Sharing.framework/Versions/A/Sharing
0x00007ff80d67a000 	/System/Library/PrivateFrameworks/login.framework/Versions/A/Frameworks/loginsupport.framework/Versions/A/loginsupport
0x00007ff81a45c000 	/System/Library/PrivateFrameworks/Apple80211.framework/Versions/A/Apple80211
0x00007ff81090e000 	/System/Library/PrivateFrameworks/AuthKit.framework/Versions/A/AuthKit
0x00007ff80ff68000 	/System/Library/PrivateFrameworks/CoreUtils.framework/Versions/A/CoreUtils
0x00007ff80fe8f000 	/System/Library/Frameworks/CoreWLAN.framework/Versions/A/CoreWLAN
0x00007ff815115000 	/System/Library/Frameworks/IOBluetooth.framework/Versions/A/IOBluetooth
0x00007ff81a4c4000 	/System/Library/PrivateFrameworks/CoreWiFi.framework/Versions/A/CoreWiFi
0x00007ff818ef1000 	/System/Library/PrivateFrameworks/FrontBoardServices.framework/Versions/A/FrontBoardServices
0x00007ff818f83000 	/System/Library/PrivateFrameworks/BoardServices.framework/Versions/A/BoardServices
0x00007ff810182000 	/System/Library/PrivateFrameworks/AssertionServices.framework/Versions/A/AssertionServices
0x00007ff81a648000 	/System/Library/PrivateFrameworks/BackBoardServices.framework/Versions/A/BackBoardServices
0x00007ff814517000 	/System/Library/PrivateFrameworks/CorePhoneNumbers.framework/Versions/A/CorePhoneNumbers
0x00007ff8181ed000 	/System/Library/PrivateFrameworks/DiskManagement.framework/Versions/A/DiskManagement
0x00007ff818101000 	/System/Library/PrivateFrameworks/AppleIDAuthSupport.framework/Versions/A/AppleIDAuthSupport
0x00007ffa24d9a000 	/System/Library/PrivateFrameworks/AAAFoundation.framework/Versions/A/AAAFoundation
0x00007ff8144f8000 	/System/Library/PrivateFrameworks/KeychainCircle.framework/Versions/A/KeychainCircle
0x00007ff8181b9000 	/System/Library/PrivateFrameworks/MediaKit.framework/Versions/A/MediaKit
0x00007ff81810d000 	/System/Library/Frameworks/DiscRecording.framework/Versions/A/DiscRecording
0x00007ff811764000 	/usr/lib/libCoreStorage.dylib
0x00007ff81a937000 	/usr/lib/libcsfde.dylib
0x00007ff8151e2000 	/System/Library/PrivateFrameworks/ProtectedCloudStorage.framework/Versions/A/ProtectedCloudStorage
0x00007ff81a933000 	/System/Library/PrivateFrameworks/EFILogin.framework/Versions/A/EFILogin
0x00007ff818869000 	/System/Library/PrivateFrameworks/OctagonTrust.framework/Versions/A/OctagonTrust
0x00007ffb092f7000 	/System/Library/PrivateFrameworks/CoreUtilsExtras.framework/Versions/A/CoreUtilsExtras
0x00007ff818043000 	/System/Library/Frameworks/CoreBluetooth.framework/Versions/A/CoreBluetooth
0x00007ff81afad000 	/System/Library/Frameworks/AudioUnit.framework/Versions/A/AudioUnit
0x00007ff81175c000 	/usr/lib/libMatch.1.dylib
0x00007ff90fed5000 	/System/Library/Frameworks/Accelerate.framework/Versions/A/Frameworks/vImage.framework/Versions/A/Libraries/libCGInterfaces.dylib
0x000000010d54f000 	/usr/lib/libobjc-trampolines.dylib
0x00007ff80d3a0000 	/System/Library/PrivateFrameworks/ViewBridge.framework/Versions/A/ViewBridge
0x00007ffb1c07e000 	/usr/lib/libRosetta.dylib
0x000000011010c000 	/Users/naoufalalaa/Library/Java/JavaVirtualMachines/corretto-1.8.0_312/Contents/Home/jre/lib/libjavafx_font.dylib
0x00007ff811ee0000 	/System/Library/PrivateFrameworks/login.framework/Versions/A/login
0x00000001103a5000 	/Users/naoufalalaa/Library/Java/JavaVirtualMachines/corretto-1.8.0_312/Contents/Home/jre/lib/libprism_common.dylib

VM Arguments:
jvm_args: -javaagent:/Applications/IntelliJ IDEA.app/Contents/lib/idea_rt.jar=61262:/Applications/IntelliJ IDEA.app/Contents/bin -Dfile.encoding=UTF-8 
java_command: presenation.Main
java_class_path (initial): /Users/naoufalalaa/Library/Java/JavaVirtualMachines/corretto-1.8.0_312/Contents/Home/jre/lib/charsets.jar:/Users/naoufalalaa/Library/Java/JavaVirtualMachines/corretto-1.8.0_312/Contents/Home/jre/lib/ext/cldrdata.jar:/Users/naoufalalaa/Library/Java/JavaVirtualMachines/corretto-1.8.0_312/Contents/Home/jre/lib/ext/dnsns.jar:/Users/naoufalalaa/Library/Java/JavaVirtualMachines/corretto-1.8.0_312/Contents/Home/jre/lib/ext/jaccess.jar:/Users/naoufalalaa/Library/Java/JavaVirtualMachines/corretto-1.8.0_312/Contents/Home/jre/lib/ext/jfxrt.jar:/Users/naoufalalaa/Library/Java/JavaVirtualMachines/corretto-1.8.0_312/Contents/Home/jre/lib/ext/localedata.jar:/Users/naoufalalaa/Library/Java/JavaVirtualMachines/corretto-1.8.0_312/Contents/Home/jre/lib/ext/nashorn.jar:/Users/naoufalalaa/Library/Java/JavaVirtualMachines/corretto-1.8.0_312/Contents/Home/jre/lib/ext/sunec.jar:/Users/naoufalalaa/Library/Java/JavaVirtualMachines/corretto-1.8.0_312/Contents/Home/jre/lib/ext/sunjce_provider.jar:/Users/naoufalalaa/Library/Java/JavaVirtualMachines/corretto-1.8.0_312/Contents/Home/jre/lib/ext/sunpkcs11.jar:/Users/naoufalalaa/Library/Java/JavaVirtualMachines/corretto-1.8.0_312/Contents/Home/jre/lib/ext/zipfs.jar:/Users/naoufalalaa/Library/Java/JavaVirtualMachines/corretto-1.8.0_312/Contents/Home/jre/lib/jce.jar:/Users/naoufalalaa/Library/Java/JavaVirtualMachines/corretto-1.8.0_312/Contents/Home/jre/lib/jfr.jar:/Users/naoufalalaa/Library/Java/JavaVirtualMachines/corretto-1.8.0_312/Contents/Home/jre/lib/jfxswt.jar:/Users/naoufalalaa/Library/Java/JavaVirtualMachines/corretto-1.8.0_312/Contents/Home/jre/lib/jsse.jar:/Users/naoufalalaa/Library/Java/JavaVirtualMachines/corretto-1.8.0_312/Contents/Home/jre/lib/management-agent.jar:/Users/naoufalalaa/Library/Java/JavaVirtualMachines/corretto-1.8.0_312/Contents/Home/jre/lib/resources.jar:/Users/naoufalalaa/Library/Java/JavaVirtualMachines/corretto-1.8.0_312/Contents/Home/jre/lib/rt.jar:/Users/naoufalalaa/Library/Java/JavaVirt
Launcher Type: SUN_STANDARD

Environment Variables:
PATH=/Library/Frameworks/Python.framework/Versions/3.9/bin:/usr/local/bin:/usr/bin:/bin:/usr/sbin:/sbin:/Library/Apple/usr/bin
SHELL=/bin/zsh

Signal Handlers:
SIGSEGV: [libjvm.dylib+0x573377], sa_mask[0]=11111111011111110111111111111111, sa_flags=SA_ONSTACK|SA_RESTART|SA_SIGINFO
SIGBUS: [libjvm.dylib+0x573377], sa_mask[0]=11111111011111110111111111111111, sa_flags=SA_RESTART|SA_SIGINFO
SIGFPE: [libjvm.dylib+0x46e85b], sa_mask[0]=11111111011111110111111111111111, sa_flags=SA_RESTART|SA_SIGINFO
SIGPIPE: [libjvm.dylib+0x46e85b], sa_mask[0]=11111111011111110111111111111111, sa_flags=SA_RESTART|SA_SIGINFO
SIGXFSZ: [libjvm.dylib+0x46e85b], sa_mask[0]=11111111011111110111111111111111, sa_flags=SA_RESTART|SA_SIGINFO
SIGILL: [libjvm.dylib+0x46e85b], sa_mask[0]=11111111011111110111111111111111, sa_flags=SA_RESTART|SA_SIGINFO
SIGUSR1: SIG_DFL, sa_mask[0]=00000000000000000000000000000000, sa_flags=none
SIGUSR2: [libjvm.dylib+0x46f13a], sa_mask[0]=00100000000000000000000000000000, sa_flags=SA_RESTART|SA_SIGINFO
SIGHUP: [libjvm.dylib+0x46d36f], sa_mask[0]=11111111011111110111111111111111, sa_flags=SA_RESTART|SA_SIGINFO
SIGINT: [libjvm.dylib+0x46d36f], sa_mask[0]=11111111011111110111111111111111, sa_flags=SA_RESTART|SA_SIGINFO
SIGTERM: [libjvm.dylib+0x46d36f], sa_mask[0]=11111111011111110111111111111111, sa_flags=SA_RESTART|SA_SIGINFO
SIGQUIT: [libjvm.dylib+0x46d36f], sa_mask[0]=11111111011111110111111111111111, sa_flags=SA_RESTART|SA_SIGINFO


---------------  S Y S T E M  ---------------

OS:Bsduname:Darwin 21.3.0 Darwin Kernel Version 21.3.0: Wed Dec  8 00:40:29 PST 2021; root:xnu-8019.80.11.111.1~1/RELEASE_X86_64 x86_64
rlimit: STACK 8192k, CORE 0k, NPROC 1392, NOFILE 10240, AS infinity
load average:5.66 4.73 4.81

CPU:total 4 (initial active 4) (2 cores per cpu, 2 threads per core) family 6 model 61 stepping 4, cmov, cx8, fxsr, mmx, sse, sse2, sse3, ssse3, sse4.1, sse4.2, popcnt, avx, avx2, aes, clmul, erms, rtm, 3dnowpref, lzcnt, ht, tsc, tscinvbit, bmi1, bmi2, adx

Memory: 4k page, physical 8388608k(18388k free)

/proc/meminfo:


vm_info: OpenJDK 64-Bit Server VM (25.312-b07) for bsd-amd64 JRE (1.8.0_312-b07), built on Oct 14 2021 21:08:52 by "ec2-user" with gcc Apple LLVM 13.0.0 (clang-1300.0.29.3)

time: Mon Jan 24 16:11:07 2022
timezone: +01
elapsed time: 29.521212 seconds (0d 0h 0m 29s)

